{
                    "app": "Crmeb",
                    "timestamp":"2022-09-05 16:58:35.518",
                    "level": "WARN",
                    "thread": "main",
                    "class": "o.m.spring.mapper.ClassPathMapperScanner",
                    "message": "No MyBatis mapper was found in '[com.zbkj.admin]' package. Please check your configuration." }
                    
{
                    "app": "Crmeb",
                    "timestamp":"2022-09-05 18:37:45.721",
                    "level": "WARN",
                    "thread": "main",
                    "class": "o.m.spring.mapper.ClassPathMapperScanner",
                    "message": "No MyBatis mapper was found in '[com.zbkj.admin]' package. Please check your configuration." }
                    
{
                    "app": "Crmeb",
                    "timestamp":"2022-09-05 19:30:01.026",
                    "level": "WARN",
                    "thread": "main",
                    "class": "o.m.spring.mapper.ClassPathMapperScanner",
                    "message": "No MyBatis mapper was found in '[com.zbkj.admin]' package. Please check your configuration." }
                    
{
                    "app": "Crmeb",
                    "timestamp":"2022-09-05 19:33:51.023",
                    "level": "WARN",
                    "thread": "main",
                    "class": "o.m.spring.mapper.ClassPathMapperScanner",
                    "message": "No MyBatis mapper was found in '[com.zbkj.admin]' package. Please check your configuration." }
                    
{
                    "app": "Crmeb",
                    "timestamp":"2022-09-05 19:37:02.796",
                    "level": "WARN",
                    "thread": "main",
                    "class": "o.m.spring.mapper.ClassPathMapperScanner",
                    "message": "No MyBatis mapper was found in '[com.zbkj.admin]' package. Please check your configuration." }
                    
{
                    "app": "Crmeb",
                    "timestamp":"2022-09-05 19:37:37.454",
                    "level": "WARN",
                    "thread": "main",
                    "class": "o.m.spring.mapper.ClassPathMapperScanner",
                    "message": "No MyBatis mapper was found in '[com.zbkj.admin]' package. Please check your configuration." }
                    
{
                    "app": "Crmeb",
                    "timestamp":"2022-09-05 19:40:18.258",
                    "level": "WARN",
                    "thread": "main",
                    "class": "o.m.spring.mapper.ClassPathMapperScanner",
                    "message": "No MyBatis mapper was found in '[com.zbkj.admin]' package. Please check your configuration." }
                    
{
                    "app": "Crmeb",
                    "timestamp":"2022-09-05 19:42:12.530",
                    "level": "WARN",
                    "thread": "main",
                    "class": "o.m.spring.mapper.ClassPathMapperScanner",
                    "message": "No MyBatis mapper was found in '[com.zbkj.admin]' package. Please check your configuration." }
                    
