{
                    "app": "Crmeb",
                    "timestamp":"2022-09-07 15:09:08.373",
                    "level": "WARN",
                    "thread": "main",
                    "class": "o.m.spring.mapper.ClassPathMapperScanner",
                    "message": "No MyBatis mapper was found in '[com.shf.admin]' package. Please check your configuration." }
                    
{
                    "app": "Crmeb",
                    "timestamp":"2022-09-07 15:23:46.648",
                    "level": "WARN",
                    "thread": "main",
                    "class": "o.m.spring.mapper.ClassPathMapperScanner",
                    "message": "No MyBatis mapper was found in '[com.shf.admin]' package. Please check your configuration." }
                    
{
                    "app": "Crmeb",
                    "timestamp":"2022-09-07 15:33:24.820",
                    "level": "WARN",
                    "thread": "main",
                    "class": "o.m.spring.mapper.ClassPathMapperScanner",
                    "message": "No MyBatis mapper was found in '[com.shf.admin]' package. Please check your configuration." }
                    
{
                    "app": "Crmeb",
                    "timestamp":"2022-09-07 15:45:53.228",
                    "level": "WARN",
                    "thread": "main",
                    "class": "o.m.spring.mapper.ClassPathMapperScanner",
                    "message": "No MyBatis mapper was found in '[com.shf.admin]' package. Please check your configuration." }
                    
{
                    "app": "Crmeb",
                    "timestamp":"2022-09-07 15:48:00.403",
                    "level": "WARN",
                    "thread": "main",
                    "class": "o.m.spring.mapper.ClassPathMapperScanner",
                    "message": "No MyBatis mapper was found in '[com.shf.admin]' package. Please check your configuration." }
                    
{
                    "app": "Crmeb",
                    "timestamp":"2022-09-07 16:00:46.914",
                    "level": "WARN",
                    "thread": "main",
                    "class": "o.m.spring.mapper.ClassPathMapperScanner",
                    "message": "No MyBatis mapper was found in '[com.shf.admin]' package. Please check your configuration." }
                    
{
                    "app": "Crmeb",
                    "timestamp":"2022-09-07 16:04:27.173",
                    "level": "WARN",
                    "thread": "main",
                    "class": "o.m.spring.mapper.ClassPathMapperScanner",
                    "message": "No MyBatis mapper was found in '[com.shf.admin]' package. Please check your configuration." }
                    
{
                    "app": "Crmeb",
                    "timestamp":"2022-09-07 16:07:51.833",
                    "level": "WARN",
                    "thread": "main",
                    "class": "o.m.spring.mapper.ClassPathMapperScanner",
                    "message": "No MyBatis mapper was found in '[com.shf.admin]' package. Please check your configuration." }
                    
{
                    "app": "Crmeb",
                    "timestamp":"2022-09-07 16:12:04.907",
                    "level": "WARN",
                    "thread": "main",
                    "class": "o.m.spring.mapper.ClassPathMapperScanner",
                    "message": "No MyBatis mapper was found in '[com.shf.admin]' package. Please check your configuration." }
                    
{
                    "app": "Crmeb",
                    "timestamp":"2022-09-07 16:13:14.466",
                    "level": "WARN",
                    "thread": "main",
                    "class": "o.m.spring.mapper.ClassPathMapperScanner",
                    "message": "No MyBatis mapper was found in '[com.shf.admin]' package. Please check your configuration." }
                    
{
                    "app": "Crmeb",
                    "timestamp":"2022-09-07 16:21:42.774",
                    "level": "WARN",
                    "thread": "main",
                    "class": "o.m.spring.mapper.ClassPathMapperScanner",
                    "message": "No MyBatis mapper was found in '[com.shf.admin]' package. Please check your configuration." }
                    
{
                    "app": "Crmeb",
                    "timestamp":"2022-09-07 16:22:11.753",
                    "level": "WARN",
                    "thread": "main",
                    "class": "o.m.spring.mapper.ClassPathMapperScanner",
                    "message": "No MyBatis mapper was found in '[com.shf.admin]' package. Please check your configuration." }
                    
{
                    "app": "Crmeb",
                    "timestamp":"2022-09-07 16:30:35.458",
                    "level": "WARN",
                    "thread": "main",
                    "class": "o.m.spring.mapper.ClassPathMapperScanner",
                    "message": "No MyBatis mapper was found in '[com.shf.admin]' package. Please check your configuration." }
                    
{
                    "app": "Crmeb",
                    "timestamp":"2022-09-07 16:31:35.878",
                    "level": "WARN",
                    "thread": "main",
                    "class": "o.m.spring.mapper.ClassPathMapperScanner",
                    "message": "No MyBatis mapper was found in '[com.shf.admin]' package. Please check your configuration." }
                    
{
                    "app": "Crmeb",
                    "timestamp":"2022-09-07 16:32:25.658",
                    "level": "WARN",
                    "thread": "main",
                    "class": "o.m.spring.mapper.ClassPathMapperScanner",
                    "message": "No MyBatis mapper was found in '[com.shf.admin]' package. Please check your configuration." }
                    
{
                    "app": "Crmeb",
                    "timestamp":"2022-09-07 16:54:50.435",
                    "level": "WARN",
                    "thread": "main",
                    "class": "o.m.spring.mapper.ClassPathMapperScanner",
                    "message": "No MyBatis mapper was found in '[com.shf.admin]' package. Please check your configuration." }
                    
{
                    "app": "Crmeb",
                    "timestamp":"2022-09-07 16:57:02.694",
                    "level": "WARN",
                    "thread": "main",
                    "class": "o.m.spring.mapper.ClassPathMapperScanner",
                    "message": "No MyBatis mapper was found in '[com.shf.admin]' package. Please check your configuration." }
                    
{
                    "app": "Crmeb",
                    "timestamp":"2022-09-07 17:25:13.336",
                    "level": "WARN",
                    "thread": "main",
                    "class": "o.m.spring.mapper.ClassPathMapperScanner",
                    "message": "No MyBatis mapper was found in '[com.shf.admin]' package. Please check your configuration." }
                    
{
                    "app": "Crmeb",
                    "timestamp":"2022-09-07 17:26:53.317",
                    "level": "WARN",
                    "thread": "main",
                    "class": "o.m.spring.mapper.ClassPathMapperScanner",
                    "message": "No MyBatis mapper was found in '[com.shf.admin]' package. Please check your configuration." }
                    
{
                    "app": "Crmeb",
                    "timestamp":"2022-09-07 17:28:12.406",
                    "level": "WARN",
                    "thread": "main",
                    "class": "o.m.spring.mapper.ClassPathMapperScanner",
                    "message": "No MyBatis mapper was found in '[com.shf.admin]' package. Please check your configuration." }
                    
{
                    "app": "Crmeb",
                    "timestamp":"2022-09-07 17:30:59.781",
                    "level": "WARN",
                    "thread": "main",
                    "class": "o.m.spring.mapper.ClassPathMapperScanner",
                    "message": "No MyBatis mapper was found in '[com.shf.admin]' package. Please check your configuration." }
                    
{
                    "app": "Crmeb",
                    "timestamp":"2022-09-07 17:43:39.975",
                    "level": "WARN",
                    "thread": "main",
                    "class": "o.m.spring.mapper.ClassPathMapperScanner",
                    "message": "No MyBatis mapper was found in '[com.shf.admin]' package. Please check your configuration." }
                    
{
                    "app": "Crmeb",
                    "timestamp":"2022-09-07 17:45:28.412",
                    "level": "WARN",
                    "thread": "main",
                    "class": "o.m.spring.mapper.ClassPathMapperScanner",
                    "message": "No MyBatis mapper was found in '[com.shf.admin]' package. Please check your configuration." }
                    
{
                    "app": "Crmeb",
                    "timestamp":"2022-09-07 19:00:30.636",
                    "level": "WARN",
                    "thread": "main",
                    "class": "o.m.spring.mapper.ClassPathMapperScanner",
                    "message": "No MyBatis mapper was found in '[com.shf.admin]' package. Please check your configuration." }
                    
{
                    "app": "Crmeb",
                    "timestamp":"2022-09-07 19:00:33.899",
                    "level": "WARN",
                    "thread": "main",
                    "class": "o.m.spring.mapper.ClassPathMapperScanner",
                    "message": "No MyBatis mapper was found in '[com.shf.admin]' package. Please check your configuration." }
                    
{
                    "app": "Crmeb",
                    "timestamp":"2022-09-07 19:02:12.230",
                    "level": "WARN",
                    "thread": "main",
                    "class": "o.m.spring.mapper.ClassPathMapperScanner",
                    "message": "No MyBatis mapper was found in '[com.shf.admin]' package. Please check your configuration." }
                    
{
                    "app": "Crmeb",
                    "timestamp":"2022-09-07 19:17:14.534",
                    "level": "WARN",
                    "thread": "main",
                    "class": "o.m.spring.mapper.ClassPathMapperScanner",
                    "message": "No MyBatis mapper was found in '[com.shf.admin]' package. Please check your configuration." }
                    
{
                    "app": "Crmeb",
                    "timestamp":"2022-09-07 19:19:44.377",
                    "level": "WARN",
                    "thread": "main",
                    "class": "o.m.spring.mapper.ClassPathMapperScanner",
                    "message": "No MyBatis mapper was found in '[com.shf.admin]' package. Please check your configuration." }
                    
{
                    "app": "Crmeb",
                    "timestamp":"2022-09-07 19:29:13.707",
                    "level": "WARN",
                    "thread": "main",
                    "class": "o.m.spring.mapper.ClassPathMapperScanner",
                    "message": "No MyBatis mapper was found in '[com.shf.admin]' package. Please check your configuration." }
                    
{
                    "app": "Crmeb",
                    "timestamp":"2022-09-07 19:32:45.112",
                    "level": "WARN",
                    "thread": "main",
                    "class": "o.m.spring.mapper.ClassPathMapperScanner",
                    "message": "No MyBatis mapper was found in '[com.shf.admin]' package. Please check your configuration." }
                    
{
                    "app": "Crmeb",
                    "timestamp":"2022-09-07 19:34:12.545",
                    "level": "WARN",
                    "thread": "main",
                    "class": "o.m.spring.mapper.ClassPathMapperScanner",
                    "message": "No MyBatis mapper was found in '[com.shf.admin]' package. Please check your configuration." }
                    
{
                    "app": "Crmeb",
                    "timestamp":"2022-09-07 19:55:23.154",
                    "level": "WARN",
                    "thread": "main",
                    "class": "o.m.spring.mapper.ClassPathMapperScanner",
                    "message": "No MyBatis mapper was found in '[com.shf.admin]' package. Please check your configuration." }
                    
{
                    "app": "Crmeb",
                    "timestamp":"2022-09-07 20:15:50.777",
                    "level": "WARN",
                    "thread": "main",
                    "class": "o.m.spring.mapper.ClassPathMapperScanner",
                    "message": "No MyBatis mapper was found in '[com.shf.admin]' package. Please check your configuration." }
                    
{
                    "app": "Crmeb",
                    "timestamp":"2022-09-07 20:29:32.526",
                    "level": "WARN",
                    "thread": "main",
                    "class": "o.m.spring.mapper.ClassPathMapperScanner",
                    "message": "No MyBatis mapper was found in '[com.shf.admin]' package. Please check your configuration." }
                    
{
                    "app": "Crmeb",
                    "timestamp":"2022-09-07 20:42:22.596",
                    "level": "WARN",
                    "thread": "main",
                    "class": "o.m.spring.mapper.ClassPathMapperScanner",
                    "message": "No MyBatis mapper was found in '[com.shf.admin]' package. Please check your configuration." }
                    
{
                    "app": "Crmeb",
                    "timestamp":"2022-09-07 20:46:01.919",
                    "level": "WARN",
                    "thread": "main",
                    "class": "o.m.spring.mapper.ClassPathMapperScanner",
                    "message": "No MyBatis mapper was found in '[com.shf.admin]' package. Please check your configuration." }
                    
{
                    "app": "Crmeb",
                    "timestamp":"2022-09-07 20:46:48.903",
                    "level": "WARN",
                    "thread": "main",
                    "class": "o.m.spring.mapper.ClassPathMapperScanner",
                    "message": "No MyBatis mapper was found in '[com.shf.admin]' package. Please check your configuration." }
                    
{
                    "app": "Crmeb",
                    "timestamp":"2022-09-07 21:01:05.732",
                    "level": "WARN",
                    "thread": "main",
                    "class": "o.m.spring.mapper.ClassPathMapperScanner",
                    "message": "No MyBatis mapper was found in '[com.shf.admin]' package. Please check your configuration." }
                    
