{
                    "app": "Crmeb",
                    "timestamp":"2022-09-07 08:35:47.897",
                    "level": "WARN",
                    "thread": "main",
                    "class": "o.m.spring.mapper.ClassPathMapperScanner",
                    "message": "No MyBatis mapper was found in '[com.zbkj.admin]' package. Please check your configuration." }
                    
{
                    "app": "Crmeb",
                    "timestamp":"2022-09-07 10:16:38.939",
                    "level": "WARN",
                    "thread": "main",
                    "class": "o.m.spring.mapper.ClassPathMapperScanner",
                    "message": "No MyBatis mapper was found in '[com.zbkj.admin]' package. Please check your configuration." }
                    
{
                    "app": "Crmeb",
                    "timestamp":"2022-09-07 10:22:05.743",
                    "level": "WARN",
                    "thread": "main",
                    "class": "o.m.spring.mapper.ClassPathMapperScanner",
                    "message": "No MyBatis mapper was found in '[com.zbkj.admin]' package. Please check your configuration." }
                    
{
                    "app": "Crmeb",
                    "timestamp":"2022-09-07 10:31:54.139",
                    "level": "WARN",
                    "thread": "main",
                    "class": "o.m.spring.mapper.ClassPathMapperScanner",
                    "message": "No MyBatis mapper was found in '[com.zbkj.admin]' package. Please check your configuration." }
                    
{
                    "app": "Crmeb",
                    "timestamp":"2022-09-07 10:35:04.045",
                    "level": "WARN",
                    "thread": "main",
                    "class": "o.m.spring.mapper.ClassPathMapperScanner",
                    "message": "No MyBatis mapper was found in '[com.zbkj.admin]' package. Please check your configuration." }
                    
{
                    "app": "Crmeb",
                    "timestamp":"2022-09-07 14:23:41.064",
                    "level": "WARN",
                    "thread": "main",
                    "class": "o.m.spring.mapper.ClassPathMapperScanner",
                    "message": "No MyBatis mapper was found in '[com.shf.admin]' package. Please check your configuration." }
                    
