{
                    "app": "Crmeb",
                    "timestamp":"2022-09-12 08:46:06.994",
                    "level": "DEBUG",
                    "thread": "SpringContextShutdownHook",
                    "class": "o.s.b.w.s.c.AnnotationConfigServletWebServerApplicationContext",
                    "message": "Closing org.springframework.boot.web.servlet.context.AnnotationConfigServletWebServerApplicationContext@70ab80e3, started on Thu Sep 08 14:52:46 CST 2022" }
                    
{
                    "app": "Crmeb",
                    "timestamp":"2022-09-12 08:46:07.033",
                    "level": "DEBUG",
                    "thread": "SpringContextShutdownHook",
                    "class": "o.s.b.a.endpoint.jmx.JmxEndpointExporter",
                    "message": "Unregister endpoint with ObjectName 'org.springframework.boot:type=Endpoint,name=Beans' from the JMX domain" }
                    
{
                    "app": "Crmeb",
                    "timestamp":"2022-09-12 08:46:07.033",
                    "level": "DEBUG",
                    "thread": "SpringContextShutdownHook",
                    "class": "o.s.b.a.endpoint.jmx.JmxEndpointExporter",
                    "message": "Unregister endpoint with ObjectName 'org.springframework.boot:type=Endpoint,name=Caches' from the JMX domain" }
                    
{
                    "app": "Crmeb",
                    "timestamp":"2022-09-12 08:46:07.034",
                    "level": "DEBUG",
                    "thread": "SpringContextShutdownHook",
                    "class": "o.s.b.a.endpoint.jmx.JmxEndpointExporter",
                    "message": "Unregister endpoint with ObjectName 'org.springframework.boot:type=Endpoint,name=Health' from the JMX domain" }
                    
{
                    "app": "Crmeb",
                    "timestamp":"2022-09-12 08:46:07.034",
                    "level": "DEBUG",
                    "thread": "SpringContextShutdownHook",
                    "class": "o.s.b.a.endpoint.jmx.JmxEndpointExporter",
                    "message": "Unregister endpoint with ObjectName 'org.springframework.boot:type=Endpoint,name=Info' from the JMX domain" }
                    
{
                    "app": "Crmeb",
                    "timestamp":"2022-09-12 08:46:07.034",
                    "level": "DEBUG",
                    "thread": "SpringContextShutdownHook",
                    "class": "o.s.b.a.endpoint.jmx.JmxEndpointExporter",
                    "message": "Unregister endpoint with ObjectName 'org.springframework.boot:type=Endpoint,name=Conditions' from the JMX domain" }
                    
{
                    "app": "Crmeb",
                    "timestamp":"2022-09-12 08:46:07.035",
                    "level": "DEBUG",
                    "thread": "SpringContextShutdownHook",
                    "class": "o.s.b.a.endpoint.jmx.JmxEndpointExporter",
                    "message": "Unregister endpoint with ObjectName 'org.springframework.boot:type=Endpoint,name=Configprops' from the JMX domain" }
                    
{
                    "app": "Crmeb",
                    "timestamp":"2022-09-12 08:46:07.035",
                    "level": "DEBUG",
                    "thread": "SpringContextShutdownHook",
                    "class": "o.s.b.a.endpoint.jmx.JmxEndpointExporter",
                    "message": "Unregister endpoint with ObjectName 'org.springframework.boot:type=Endpoint,name=Env' from the JMX domain" }
                    
{
                    "app": "Crmeb",
                    "timestamp":"2022-09-12 08:46:07.035",
                    "level": "DEBUG",
                    "thread": "SpringContextShutdownHook",
                    "class": "o.s.b.a.endpoint.jmx.JmxEndpointExporter",
                    "message": "Unregister endpoint with ObjectName 'org.springframework.boot:type=Endpoint,name=Loggers' from the JMX domain" }
                    
{
                    "app": "Crmeb",
                    "timestamp":"2022-09-12 08:46:07.035",
                    "level": "DEBUG",
                    "thread": "SpringContextShutdownHook",
                    "class": "o.s.b.a.endpoint.jmx.JmxEndpointExporter",
                    "message": "Unregister endpoint with ObjectName 'org.springframework.boot:type=Endpoint,name=Threaddump' from the JMX domain" }
                    
{
                    "app": "Crmeb",
                    "timestamp":"2022-09-12 08:46:07.036",
                    "level": "DEBUG",
                    "thread": "SpringContextShutdownHook",
                    "class": "o.s.b.a.endpoint.jmx.JmxEndpointExporter",
                    "message": "Unregister endpoint with ObjectName 'org.springframework.boot:type=Endpoint,name=Metrics' from the JMX domain" }
                    
{
                    "app": "Crmeb",
                    "timestamp":"2022-09-12 08:46:07.036",
                    "level": "DEBUG",
                    "thread": "SpringContextShutdownHook",
                    "class": "o.s.b.a.endpoint.jmx.JmxEndpointExporter",
                    "message": "Unregister endpoint with ObjectName 'org.springframework.boot:type=Endpoint,name=Scheduledtasks' from the JMX domain" }
                    
{
                    "app": "Crmeb",
                    "timestamp":"2022-09-12 08:46:07.036",
                    "level": "DEBUG",
                    "thread": "SpringContextShutdownHook",
                    "class": "o.s.b.a.endpoint.jmx.JmxEndpointExporter",
                    "message": "Unregister endpoint with ObjectName 'org.springframework.boot:type=Endpoint,name=Mappings' from the JMX domain" }
                    
