{
                    "app": "Crmeb",
                    "timestamp":"2022-09-10 08:13:51.866",
                    "level": "ERROR",
                    "thread": "crmeb-scheduled-task-pool-28",
                    "class": "c.shf.admin.task.order.OrderReceiptTask",
                    "message": "OrderReceiptTask.task | msg : java.net.SocketException: Connection reset by peer: socket write error; nested exception is redis.clients.jedis.exceptions.JedisConnectionException: java.net.SocketException: Connection reset by peer: socket write error" }
                    
{
                    "app": "Crmeb",
                    "timestamp":"2022-09-10 08:13:51.867",
                    "level": "ERROR",
                    "thread": "crmeb-scheduled-task-pool-4",
                    "class": "c.s.a.t.w.AsyncWeChatProgramTempMessage",
                    "message": "AsyncWeChatProgramTempMessage.task | msg : java.net.SocketException: Connection reset by peer: socket write error; nested exception is redis.clients.jedis.exceptions.JedisConnectionException: java.net.SocketException: Connection reset by peer: socket write error" }
                    
{
                    "app": "Crmeb",
                    "timestamp":"2022-09-10 08:13:51.866",
                    "level": "ERROR",
                    "thread": "crmeb-scheduled-task-pool-17",
                    "class": "c.s.admin.task.product.ProductStockTask",
                    "message": "OrderTakeByUser.task | msg : java.net.SocketException: Connection reset by peer: socket write error; nested exception is redis.clients.jedis.exceptions.JedisConnectionException: java.net.SocketException: Connection reset by peer: socket write error" }
                    
{
                    "app": "Crmeb",
                    "timestamp":"2022-09-10 08:13:51.868",
                    "level": "ERROR",
                    "thread": "crmeb-scheduled-task-pool-18",
                    "class": "c.s.a.t.w.AsyncWeChatPublicTempMessage",
                    "message": "AsyncWeChatPublicTempMessage.task | msg : java.net.SocketException: Connection reset by peer: socket write error; nested exception is redis.clients.jedis.exceptions.JedisConnectionException: java.net.SocketException: Connection reset by peer: socket write error" }
                    
{
                    "app": "Crmeb",
                    "timestamp":"2022-09-10 08:13:51.869",
                    "level": "ERROR",
                    "thread": "crmeb-scheduled-task-pool-25",
                    "class": "c.s.admin.task.order.OrderAutoCancelTask",
                    "message": "OrderAutoCancelTask.task | msg : java.net.SocketException: Connection reset by peer: socket write error; nested exception is redis.clients.jedis.exceptions.JedisConnectionException: java.net.SocketException: Connection reset by peer: socket write error" }
                    
{
                    "app": "Crmeb",
                    "timestamp":"2022-09-10 08:13:51.869",
                    "level": "ERROR",
                    "thread": "crmeb-scheduled-task-pool-5",
                    "class": "com.shf.admin.task.order.OrderRefundTask",
                    "message": "OrderRefundTask.task | msg : java.net.SocketException: Connection reset by peer: socket write error; nested exception is redis.clients.jedis.exceptions.JedisConnectionException: java.net.SocketException: Connection reset by peer: socket write error" }
                    
{
                    "app": "Crmeb",
                    "timestamp":"2022-09-10 08:13:51.870",
                    "level": "ERROR",
                    "thread": "crmeb-scheduled-task-pool-3",
                    "class": "c.shf.admin.task.order.OrderCompleteTask",
                    "message": "OrderCompleteTask.task | msg : java.net.SocketException: Connection reset by peer: socket write error; nested exception is redis.clients.jedis.exceptions.JedisConnectionException: java.net.SocketException: Connection reset by peer: socket write error" }
                    
{
                    "app": "Crmeb",
                    "timestamp":"2022-09-10 08:13:51.870",
                    "level": "ERROR",
                    "thread": "crmeb-scheduled-task-pool-13",
                    "class": "com.shf.admin.task.order.OrderCancelTask",
                    "message": "OrderCancelTask.task | msg : java.net.SocketException: Connection reset by peer: socket write error; nested exception is redis.clients.jedis.exceptions.JedisConnectionException: java.net.SocketException: Connection reset by peer: socket write error" }
                    
{
                    "app": "Crmeb",
                    "timestamp":"2022-09-10 08:13:51.871",
                    "level": "ERROR",
                    "thread": "crmeb-scheduled-task-pool-23",
                    "class": "c.s.admin.task.order.OrderPaySuccessTask",
                    "message": "OrderPaySuccessTask.task | msg : java.net.SocketException: Connection reset by peer: socket write error; nested exception is redis.clients.jedis.exceptions.JedisConnectionException: java.net.SocketException: Connection reset by peer: socket write error" }
                    
{
                    "app": "Crmeb",
                    "timestamp":"2022-09-10 08:13:51.872",
                    "level": "ERROR",
                    "thread": "crmeb-scheduled-task-pool-22",
                    "class": "c.s.admin.task.order.OrderPaySuccessTask",
                    "message": "OrderPaySuccessTask.task | msg : java.net.SocketException: Connection reset by peer: socket write error; nested exception is redis.clients.jedis.exceptions.JedisConnectionException: java.net.SocketException: Connection reset by peer: socket write error" }
                    
{
                    "app": "Crmeb",
                    "timestamp":"2022-09-10 08:32:48.863",
                    "level": "ERROR",
                    "thread": "http-nio-8080-exec-5",
                    "class": "o.a.c.c.C.[.[.[/].[dispatcherServlet]",
                    "message": "Servlet.service() for servlet [dispatcherServlet] in context with path [] threw exception" }
                    
org.springframework.security.web.firewall.RequestRejectedException: The request was rejected because the URL contained a potentially malicious String "//"
	at org.springframework.security.web.firewall.StrictHttpFirewall.rejectedBlacklistedUrls(StrictHttpFirewall.java:369)
	at org.springframework.security.web.firewall.StrictHttpFirewall.getFirewalledRequest(StrictHttpFirewall.java:336)
	at org.springframework.security.web.FilterChainProxy.doFilterInternal(FilterChainProxy.java:194)
	at org.springframework.security.web.FilterChainProxy.doFilter(FilterChainProxy.java:178)
	at org.springframework.web.filter.DelegatingFilterProxy.invokeDelegate(DelegatingFilterProxy.java:358)
	at org.springframework.web.filter.DelegatingFilterProxy.doFilter(DelegatingFilterProxy.java:271)
	at org.apache.catalina.core.ApplicationFilterChain.internalDoFilter(ApplicationFilterChain.java:193)
	at org.apache.catalina.core.ApplicationFilterChain.doFilter(ApplicationFilterChain.java:166)
	at org.springframework.web.filter.RequestContextFilter.doFilterInternal(RequestContextFilter.java:100)
	at org.springframework.web.filter.OncePerRequestFilter.doFilter(OncePerRequestFilter.java:119)
	at org.apache.catalina.core.ApplicationFilterChain.internalDoFilter(ApplicationFilterChain.java:193)
	at org.apache.catalina.core.ApplicationFilterChain.doFilter(ApplicationFilterChain.java:166)
	at org.springframework.web.filter.FormContentFilter.doFilterInternal(FormContentFilter.java:93)
	at org.springframework.web.filter.OncePerRequestFilter.doFilter(OncePerRequestFilter.java:119)
	at org.apache.catalina.core.ApplicationFilterChain.internalDoFilter(ApplicationFilterChain.java:193)
	at org.apache.catalina.core.ApplicationFilterChain.doFilter(ApplicationFilterChain.java:166)
	at org.springframework.boot.actuate.metrics.web.servlet.WebMvcMetricsFilter.doFilterInternal(WebMvcMetricsFilter.java:109)
	at org.springframework.web.filter.OncePerRequestFilter.doFilter(OncePerRequestFilter.java:119)
	at org.apache.catalina.core.ApplicationFilterChain.internalDoFilter(ApplicationFilterChain.java:193)
	at org.apache.catalina.core.ApplicationFilterChain.doFilter(ApplicationFilterChain.java:166)
	at org.springframework.web.filter.CharacterEncodingFilter.doFilterInternal(CharacterEncodingFilter.java:201)
	at org.springframework.web.filter.OncePerRequestFilter.doFilter(OncePerRequestFilter.java:119)
	at org.apache.catalina.core.ApplicationFilterChain.internalDoFilter(ApplicationFilterChain.java:193)
	at org.apache.catalina.core.ApplicationFilterChain.doFilter(ApplicationFilterChain.java:166)
	at org.apache.catalina.core.StandardWrapperValve.invoke(StandardWrapperValve.java:202)
	at org.apache.catalina.core.StandardContextValve.invoke(StandardContextValve.java:96)
	at org.apache.catalina.authenticator.AuthenticatorBase.invoke(AuthenticatorBase.java:541)
	at org.apache.catalina.core.StandardHostValve.invoke(StandardHostValve.java:139)
	at org.apache.catalina.valves.ErrorReportValve.invoke(ErrorReportValve.java:92)
	at org.apache.catalina.core.StandardEngineValve.invoke(StandardEngineValve.java:74)
	at org.apache.catalina.connector.CoyoteAdapter.service(CoyoteAdapter.java:343)
	at org.apache.coyote.http11.Http11Processor.service(Http11Processor.java:373)
	at org.apache.coyote.AbstractProcessorLight.process(AbstractProcessorLight.java:65)
	at org.apache.coyote.AbstractProtocol$ConnectionHandler.process(AbstractProtocol.java:868)
	at org.apache.tomcat.util.net.NioEndpoint$SocketProcessor.doRun(NioEndpoint.java:1594)
	at org.apache.tomcat.util.net.SocketProcessorBase.run(SocketProcessorBase.java:49)
	at java.util.concurrent.ThreadPoolExecutor.runWorker(ThreadPoolExecutor.java:1149)
	at java.util.concurrent.ThreadPoolExecutor$Worker.run(ThreadPoolExecutor.java:624)
	at org.apache.tomcat.util.threads.TaskThread$WrappingRunnable.run(TaskThread.java:61)
	at java.lang.Thread.run(Thread.java:750)
{
                    "app": "Crmeb",
                    "timestamp":"2022-09-10 08:32:49.123",
                    "level": "ERROR",
                    "thread": "http-nio-8080-exec-15",
                    "class": "o.a.c.c.C.[.[.[/].[dispatcherServlet]",
                    "message": "Servlet.service() for servlet [dispatcherServlet] in context with path [] threw exception" }
                    
org.springframework.security.web.firewall.RequestRejectedException: The request was rejected because the URL contained a potentially malicious String "//"
	at org.springframework.security.web.firewall.StrictHttpFirewall.rejectedBlacklistedUrls(StrictHttpFirewall.java:369)
	at org.springframework.security.web.firewall.StrictHttpFirewall.getFirewalledRequest(StrictHttpFirewall.java:336)
	at org.springframework.security.web.FilterChainProxy.doFilterInternal(FilterChainProxy.java:194)
	at org.springframework.security.web.FilterChainProxy.doFilter(FilterChainProxy.java:178)
	at org.springframework.web.filter.DelegatingFilterProxy.invokeDelegate(DelegatingFilterProxy.java:358)
	at org.springframework.web.filter.DelegatingFilterProxy.doFilter(DelegatingFilterProxy.java:271)
	at org.apache.catalina.core.ApplicationFilterChain.internalDoFilter(ApplicationFilterChain.java:193)
	at org.apache.catalina.core.ApplicationFilterChain.doFilter(ApplicationFilterChain.java:166)
	at org.springframework.web.filter.RequestContextFilter.doFilterInternal(RequestContextFilter.java:100)
	at org.springframework.web.filter.OncePerRequestFilter.doFilter(OncePerRequestFilter.java:119)
	at org.apache.catalina.core.ApplicationFilterChain.internalDoFilter(ApplicationFilterChain.java:193)
	at org.apache.catalina.core.ApplicationFilterChain.doFilter(ApplicationFilterChain.java:166)
	at org.springframework.web.filter.FormContentFilter.doFilterInternal(FormContentFilter.java:93)
	at org.springframework.web.filter.OncePerRequestFilter.doFilter(OncePerRequestFilter.java:119)
	at org.apache.catalina.core.ApplicationFilterChain.internalDoFilter(ApplicationFilterChain.java:193)
	at org.apache.catalina.core.ApplicationFilterChain.doFilter(ApplicationFilterChain.java:166)
	at org.springframework.boot.actuate.metrics.web.servlet.WebMvcMetricsFilter.doFilterInternal(WebMvcMetricsFilter.java:109)
	at org.springframework.web.filter.OncePerRequestFilter.doFilter(OncePerRequestFilter.java:119)
	at org.apache.catalina.core.ApplicationFilterChain.internalDoFilter(ApplicationFilterChain.java:193)
	at org.apache.catalina.core.ApplicationFilterChain.doFilter(ApplicationFilterChain.java:166)
	at org.springframework.web.filter.CharacterEncodingFilter.doFilterInternal(CharacterEncodingFilter.java:201)
	at org.springframework.web.filter.OncePerRequestFilter.doFilter(OncePerRequestFilter.java:119)
	at org.apache.catalina.core.ApplicationFilterChain.internalDoFilter(ApplicationFilterChain.java:193)
	at org.apache.catalina.core.ApplicationFilterChain.doFilter(ApplicationFilterChain.java:166)
	at org.apache.catalina.core.StandardWrapperValve.invoke(StandardWrapperValve.java:202)
	at org.apache.catalina.core.StandardContextValve.invoke(StandardContextValve.java:96)
	at org.apache.catalina.authenticator.AuthenticatorBase.invoke(AuthenticatorBase.java:541)
	at org.apache.catalina.core.StandardHostValve.invoke(StandardHostValve.java:139)
	at org.apache.catalina.valves.ErrorReportValve.invoke(ErrorReportValve.java:92)
	at org.apache.catalina.core.StandardEngineValve.invoke(StandardEngineValve.java:74)
	at org.apache.catalina.connector.CoyoteAdapter.service(CoyoteAdapter.java:343)
	at org.apache.coyote.http11.Http11Processor.service(Http11Processor.java:373)
	at org.apache.coyote.AbstractProcessorLight.process(AbstractProcessorLight.java:65)
	at org.apache.coyote.AbstractProtocol$ConnectionHandler.process(AbstractProtocol.java:868)
	at org.apache.tomcat.util.net.NioEndpoint$SocketProcessor.doRun(NioEndpoint.java:1594)
	at org.apache.tomcat.util.net.SocketProcessorBase.run(SocketProcessorBase.java:49)
	at java.util.concurrent.ThreadPoolExecutor.runWorker(ThreadPoolExecutor.java:1149)
	at java.util.concurrent.ThreadPoolExecutor$Worker.run(ThreadPoolExecutor.java:624)
	at org.apache.tomcat.util.threads.TaskThread$WrappingRunnable.run(TaskThread.java:61)
	at java.lang.Thread.run(Thread.java:750)
{
                    "app": "Crmeb",
                    "timestamp":"2022-09-10 13:07:06.019",
                    "level": "ERROR",
                    "thread": "http-nio-8080-exec-21",
                    "class": "o.a.c.c.C.[.[.[/].[dispatcherServlet]",
                    "message": "Servlet.service() for servlet [dispatcherServlet] in context with path [] threw exception" }
                    
org.springframework.security.web.firewall.RequestRejectedException: The request was rejected because the URL contained a potentially malicious String "//"
	at org.springframework.security.web.firewall.StrictHttpFirewall.rejectedBlacklistedUrls(StrictHttpFirewall.java:369)
	at org.springframework.security.web.firewall.StrictHttpFirewall.getFirewalledRequest(StrictHttpFirewall.java:336)
	at org.springframework.security.web.FilterChainProxy.doFilterInternal(FilterChainProxy.java:194)
	at org.springframework.security.web.FilterChainProxy.doFilter(FilterChainProxy.java:178)
	at org.springframework.web.filter.DelegatingFilterProxy.invokeDelegate(DelegatingFilterProxy.java:358)
	at org.springframework.web.filter.DelegatingFilterProxy.doFilter(DelegatingFilterProxy.java:271)
	at org.apache.catalina.core.ApplicationFilterChain.internalDoFilter(ApplicationFilterChain.java:193)
	at org.apache.catalina.core.ApplicationFilterChain.doFilter(ApplicationFilterChain.java:166)
	at org.springframework.web.filter.RequestContextFilter.doFilterInternal(RequestContextFilter.java:100)
	at org.springframework.web.filter.OncePerRequestFilter.doFilter(OncePerRequestFilter.java:119)
	at org.apache.catalina.core.ApplicationFilterChain.internalDoFilter(ApplicationFilterChain.java:193)
	at org.apache.catalina.core.ApplicationFilterChain.doFilter(ApplicationFilterChain.java:166)
	at org.springframework.web.filter.FormContentFilter.doFilterInternal(FormContentFilter.java:93)
	at org.springframework.web.filter.OncePerRequestFilter.doFilter(OncePerRequestFilter.java:119)
	at org.apache.catalina.core.ApplicationFilterChain.internalDoFilter(ApplicationFilterChain.java:193)
	at org.apache.catalina.core.ApplicationFilterChain.doFilter(ApplicationFilterChain.java:166)
	at org.springframework.boot.actuate.metrics.web.servlet.WebMvcMetricsFilter.doFilterInternal(WebMvcMetricsFilter.java:109)
	at org.springframework.web.filter.OncePerRequestFilter.doFilter(OncePerRequestFilter.java:119)
	at org.apache.catalina.core.ApplicationFilterChain.internalDoFilter(ApplicationFilterChain.java:193)
	at org.apache.catalina.core.ApplicationFilterChain.doFilter(ApplicationFilterChain.java:166)
	at org.springframework.web.filter.CharacterEncodingFilter.doFilterInternal(CharacterEncodingFilter.java:201)
	at org.springframework.web.filter.OncePerRequestFilter.doFilter(OncePerRequestFilter.java:119)
	at org.apache.catalina.core.ApplicationFilterChain.internalDoFilter(ApplicationFilterChain.java:193)
	at org.apache.catalina.core.ApplicationFilterChain.doFilter(ApplicationFilterChain.java:166)
	at org.apache.catalina.core.StandardWrapperValve.invoke(StandardWrapperValve.java:202)
	at org.apache.catalina.core.StandardContextValve.invoke(StandardContextValve.java:96)
	at org.apache.catalina.authenticator.AuthenticatorBase.invoke(AuthenticatorBase.java:541)
	at org.apache.catalina.core.StandardHostValve.invoke(StandardHostValve.java:139)
	at org.apache.catalina.valves.ErrorReportValve.invoke(ErrorReportValve.java:92)
	at org.apache.catalina.core.StandardEngineValve.invoke(StandardEngineValve.java:74)
	at org.apache.catalina.connector.CoyoteAdapter.service(CoyoteAdapter.java:343)
	at org.apache.coyote.http11.Http11Processor.service(Http11Processor.java:373)
	at org.apache.coyote.AbstractProcessorLight.process(AbstractProcessorLight.java:65)
	at org.apache.coyote.AbstractProtocol$ConnectionHandler.process(AbstractProtocol.java:868)
	at org.apache.tomcat.util.net.NioEndpoint$SocketProcessor.doRun(NioEndpoint.java:1594)
	at org.apache.tomcat.util.net.SocketProcessorBase.run(SocketProcessorBase.java:49)
	at java.util.concurrent.ThreadPoolExecutor.runWorker(ThreadPoolExecutor.java:1149)
	at java.util.concurrent.ThreadPoolExecutor$Worker.run(ThreadPoolExecutor.java:624)
	at org.apache.tomcat.util.threads.TaskThread$WrappingRunnable.run(TaskThread.java:61)
	at java.lang.Thread.run(Thread.java:750)
{
                    "app": "Crmeb",
                    "timestamp":"2022-09-10 16:12:15.092",
                    "level": "ERROR",
                    "thread": "http-nio-8080-exec-1",
                    "class": "o.a.c.c.C.[.[.[/].[dispatcherServlet]",
                    "message": "Servlet.service() for servlet [dispatcherServlet] in context with path [] threw exception" }
                    
org.springframework.security.web.firewall.RequestRejectedException: The request was rejected because the URL contained a potentially malicious String "//"
	at org.springframework.security.web.firewall.StrictHttpFirewall.rejectedBlacklistedUrls(StrictHttpFirewall.java:369)
	at org.springframework.security.web.firewall.StrictHttpFirewall.getFirewalledRequest(StrictHttpFirewall.java:336)
	at org.springframework.security.web.FilterChainProxy.doFilterInternal(FilterChainProxy.java:194)
	at org.springframework.security.web.FilterChainProxy.doFilter(FilterChainProxy.java:178)
	at org.springframework.web.filter.DelegatingFilterProxy.invokeDelegate(DelegatingFilterProxy.java:358)
	at org.springframework.web.filter.DelegatingFilterProxy.doFilter(DelegatingFilterProxy.java:271)
	at org.apache.catalina.core.ApplicationFilterChain.internalDoFilter(ApplicationFilterChain.java:193)
	at org.apache.catalina.core.ApplicationFilterChain.doFilter(ApplicationFilterChain.java:166)
	at org.springframework.web.filter.RequestContextFilter.doFilterInternal(RequestContextFilter.java:100)
	at org.springframework.web.filter.OncePerRequestFilter.doFilter(OncePerRequestFilter.java:119)
	at org.apache.catalina.core.ApplicationFilterChain.internalDoFilter(ApplicationFilterChain.java:193)
	at org.apache.catalina.core.ApplicationFilterChain.doFilter(ApplicationFilterChain.java:166)
	at org.springframework.web.filter.FormContentFilter.doFilterInternal(FormContentFilter.java:93)
	at org.springframework.web.filter.OncePerRequestFilter.doFilter(OncePerRequestFilter.java:119)
	at org.apache.catalina.core.ApplicationFilterChain.internalDoFilter(ApplicationFilterChain.java:193)
	at org.apache.catalina.core.ApplicationFilterChain.doFilter(ApplicationFilterChain.java:166)
	at org.springframework.boot.actuate.metrics.web.servlet.WebMvcMetricsFilter.doFilterInternal(WebMvcMetricsFilter.java:109)
	at org.springframework.web.filter.OncePerRequestFilter.doFilter(OncePerRequestFilter.java:119)
	at org.apache.catalina.core.ApplicationFilterChain.internalDoFilter(ApplicationFilterChain.java:193)
	at org.apache.catalina.core.ApplicationFilterChain.doFilter(ApplicationFilterChain.java:166)
	at org.springframework.web.filter.CharacterEncodingFilter.doFilterInternal(CharacterEncodingFilter.java:201)
	at org.springframework.web.filter.OncePerRequestFilter.doFilter(OncePerRequestFilter.java:119)
	at org.apache.catalina.core.ApplicationFilterChain.internalDoFilter(ApplicationFilterChain.java:193)
	at org.apache.catalina.core.ApplicationFilterChain.doFilter(ApplicationFilterChain.java:166)
	at org.apache.catalina.core.StandardWrapperValve.invoke(StandardWrapperValve.java:202)
	at org.apache.catalina.core.StandardContextValve.invoke(StandardContextValve.java:96)
	at org.apache.catalina.authenticator.AuthenticatorBase.invoke(AuthenticatorBase.java:541)
	at org.apache.catalina.core.StandardHostValve.invoke(StandardHostValve.java:139)
	at org.apache.catalina.valves.ErrorReportValve.invoke(ErrorReportValve.java:92)
	at org.apache.catalina.core.StandardEngineValve.invoke(StandardEngineValve.java:74)
	at org.apache.catalina.connector.CoyoteAdapter.service(CoyoteAdapter.java:343)
	at org.apache.coyote.http11.Http11Processor.service(Http11Processor.java:373)
	at org.apache.coyote.AbstractProcessorLight.process(AbstractProcessorLight.java:65)
	at org.apache.coyote.AbstractProtocol$ConnectionHandler.process(AbstractProtocol.java:868)
	at org.apache.tomcat.util.net.NioEndpoint$SocketProcessor.doRun(NioEndpoint.java:1594)
	at org.apache.tomcat.util.net.SocketProcessorBase.run(SocketProcessorBase.java:49)
	at java.util.concurrent.ThreadPoolExecutor.runWorker(ThreadPoolExecutor.java:1149)
	at java.util.concurrent.ThreadPoolExecutor$Worker.run(ThreadPoolExecutor.java:624)
	at org.apache.tomcat.util.threads.TaskThread$WrappingRunnable.run(TaskThread.java:61)
	at java.lang.Thread.run(Thread.java:750)
{
                    "app": "Crmeb",
                    "timestamp":"2022-09-10 16:17:56.664",
                    "level": "ERROR",
                    "thread": "http-nio-8080-exec-27",
                    "class": "o.a.c.c.C.[.[.[/].[dispatcherServlet]",
                    "message": "Servlet.service() for servlet [dispatcherServlet] in context with path [] threw exception" }
                    
org.springframework.security.web.firewall.RequestRejectedException: The request was rejected because the URL contained a potentially malicious String "//"
	at org.springframework.security.web.firewall.StrictHttpFirewall.rejectedBlacklistedUrls(StrictHttpFirewall.java:369)
	at org.springframework.security.web.firewall.StrictHttpFirewall.getFirewalledRequest(StrictHttpFirewall.java:336)
	at org.springframework.security.web.FilterChainProxy.doFilterInternal(FilterChainProxy.java:194)
	at org.springframework.security.web.FilterChainProxy.doFilter(FilterChainProxy.java:178)
	at org.springframework.web.filter.DelegatingFilterProxy.invokeDelegate(DelegatingFilterProxy.java:358)
	at org.springframework.web.filter.DelegatingFilterProxy.doFilter(DelegatingFilterProxy.java:271)
	at org.apache.catalina.core.ApplicationFilterChain.internalDoFilter(ApplicationFilterChain.java:193)
	at org.apache.catalina.core.ApplicationFilterChain.doFilter(ApplicationFilterChain.java:166)
	at org.springframework.web.filter.RequestContextFilter.doFilterInternal(RequestContextFilter.java:100)
	at org.springframework.web.filter.OncePerRequestFilter.doFilter(OncePerRequestFilter.java:119)
	at org.apache.catalina.core.ApplicationFilterChain.internalDoFilter(ApplicationFilterChain.java:193)
	at org.apache.catalina.core.ApplicationFilterChain.doFilter(ApplicationFilterChain.java:166)
	at org.springframework.web.filter.FormContentFilter.doFilterInternal(FormContentFilter.java:93)
	at org.springframework.web.filter.OncePerRequestFilter.doFilter(OncePerRequestFilter.java:119)
	at org.apache.catalina.core.ApplicationFilterChain.internalDoFilter(ApplicationFilterChain.java:193)
	at org.apache.catalina.core.ApplicationFilterChain.doFilter(ApplicationFilterChain.java:166)
	at org.springframework.boot.actuate.metrics.web.servlet.WebMvcMetricsFilter.doFilterInternal(WebMvcMetricsFilter.java:109)
	at org.springframework.web.filter.OncePerRequestFilter.doFilter(OncePerRequestFilter.java:119)
	at org.apache.catalina.core.ApplicationFilterChain.internalDoFilter(ApplicationFilterChain.java:193)
	at org.apache.catalina.core.ApplicationFilterChain.doFilter(ApplicationFilterChain.java:166)
	at org.springframework.web.filter.CharacterEncodingFilter.doFilterInternal(CharacterEncodingFilter.java:201)
	at org.springframework.web.filter.OncePerRequestFilter.doFilter(OncePerRequestFilter.java:119)
	at org.apache.catalina.core.ApplicationFilterChain.internalDoFilter(ApplicationFilterChain.java:193)
	at org.apache.catalina.core.ApplicationFilterChain.doFilter(ApplicationFilterChain.java:166)
	at org.apache.catalina.core.StandardWrapperValve.invoke(StandardWrapperValve.java:202)
	at org.apache.catalina.core.StandardContextValve.invoke(StandardContextValve.java:96)
	at org.apache.catalina.authenticator.AuthenticatorBase.invoke(AuthenticatorBase.java:541)
	at org.apache.catalina.core.StandardHostValve.invoke(StandardHostValve.java:139)
	at org.apache.catalina.valves.ErrorReportValve.invoke(ErrorReportValve.java:92)
	at org.apache.catalina.core.StandardEngineValve.invoke(StandardEngineValve.java:74)
	at org.apache.catalina.connector.CoyoteAdapter.service(CoyoteAdapter.java:343)
	at org.apache.coyote.http11.Http11Processor.service(Http11Processor.java:373)
	at org.apache.coyote.AbstractProcessorLight.process(AbstractProcessorLight.java:65)
	at org.apache.coyote.AbstractProtocol$ConnectionHandler.process(AbstractProtocol.java:868)
	at org.apache.tomcat.util.net.NioEndpoint$SocketProcessor.doRun(NioEndpoint.java:1594)
	at org.apache.tomcat.util.net.SocketProcessorBase.run(SocketProcessorBase.java:49)
	at java.util.concurrent.ThreadPoolExecutor.runWorker(ThreadPoolExecutor.java:1149)
	at java.util.concurrent.ThreadPoolExecutor$Worker.run(ThreadPoolExecutor.java:624)
	at org.apache.tomcat.util.threads.TaskThread$WrappingRunnable.run(TaskThread.java:61)
	at java.lang.Thread.run(Thread.java:750)
{
                    "app": "Crmeb",
                    "timestamp":"2022-09-10 16:36:26.345",
                    "level": "ERROR",
                    "thread": "http-nio-8080-exec-1",
                    "class": "o.a.c.c.C.[.[.[/].[dispatcherServlet]",
                    "message": "Servlet.service() for servlet [dispatcherServlet] in context with path [] threw exception" }
                    
org.springframework.security.web.firewall.RequestRejectedException: The request was rejected because the URL contained a potentially malicious String "//"
	at org.springframework.security.web.firewall.StrictHttpFirewall.rejectedBlacklistedUrls(StrictHttpFirewall.java:369)
	at org.springframework.security.web.firewall.StrictHttpFirewall.getFirewalledRequest(StrictHttpFirewall.java:336)
	at org.springframework.security.web.FilterChainProxy.doFilterInternal(FilterChainProxy.java:194)
	at org.springframework.security.web.FilterChainProxy.doFilter(FilterChainProxy.java:178)
	at org.springframework.web.filter.DelegatingFilterProxy.invokeDelegate(DelegatingFilterProxy.java:358)
	at org.springframework.web.filter.DelegatingFilterProxy.doFilter(DelegatingFilterProxy.java:271)
	at org.apache.catalina.core.ApplicationFilterChain.internalDoFilter(ApplicationFilterChain.java:193)
	at org.apache.catalina.core.ApplicationFilterChain.doFilter(ApplicationFilterChain.java:166)
	at org.springframework.web.filter.RequestContextFilter.doFilterInternal(RequestContextFilter.java:100)
	at org.springframework.web.filter.OncePerRequestFilter.doFilter(OncePerRequestFilter.java:119)
	at org.apache.catalina.core.ApplicationFilterChain.internalDoFilter(ApplicationFilterChain.java:193)
	at org.apache.catalina.core.ApplicationFilterChain.doFilter(ApplicationFilterChain.java:166)
	at org.springframework.web.filter.FormContentFilter.doFilterInternal(FormContentFilter.java:93)
	at org.springframework.web.filter.OncePerRequestFilter.doFilter(OncePerRequestFilter.java:119)
	at org.apache.catalina.core.ApplicationFilterChain.internalDoFilter(ApplicationFilterChain.java:193)
	at org.apache.catalina.core.ApplicationFilterChain.doFilter(ApplicationFilterChain.java:166)
	at org.springframework.boot.actuate.metrics.web.servlet.WebMvcMetricsFilter.doFilterInternal(WebMvcMetricsFilter.java:109)
	at org.springframework.web.filter.OncePerRequestFilter.doFilter(OncePerRequestFilter.java:119)
	at org.apache.catalina.core.ApplicationFilterChain.internalDoFilter(ApplicationFilterChain.java:193)
	at org.apache.catalina.core.ApplicationFilterChain.doFilter(ApplicationFilterChain.java:166)
	at org.springframework.web.filter.CharacterEncodingFilter.doFilterInternal(CharacterEncodingFilter.java:201)
	at org.springframework.web.filter.OncePerRequestFilter.doFilter(OncePerRequestFilter.java:119)
	at org.apache.catalina.core.ApplicationFilterChain.internalDoFilter(ApplicationFilterChain.java:193)
	at org.apache.catalina.core.ApplicationFilterChain.doFilter(ApplicationFilterChain.java:166)
	at org.apache.catalina.core.StandardWrapperValve.invoke(StandardWrapperValve.java:202)
	at org.apache.catalina.core.StandardContextValve.invoke(StandardContextValve.java:96)
	at org.apache.catalina.authenticator.AuthenticatorBase.invoke(AuthenticatorBase.java:541)
	at org.apache.catalina.core.StandardHostValve.invoke(StandardHostValve.java:139)
	at org.apache.catalina.valves.ErrorReportValve.invoke(ErrorReportValve.java:92)
	at org.apache.catalina.core.StandardEngineValve.invoke(StandardEngineValve.java:74)
	at org.apache.catalina.connector.CoyoteAdapter.service(CoyoteAdapter.java:343)
	at org.apache.coyote.http11.Http11Processor.service(Http11Processor.java:373)
	at org.apache.coyote.AbstractProcessorLight.process(AbstractProcessorLight.java:65)
	at org.apache.coyote.AbstractProtocol$ConnectionHandler.process(AbstractProtocol.java:868)
	at org.apache.tomcat.util.net.NioEndpoint$SocketProcessor.doRun(NioEndpoint.java:1594)
	at org.apache.tomcat.util.net.SocketProcessorBase.run(SocketProcessorBase.java:49)
	at java.util.concurrent.ThreadPoolExecutor.runWorker(ThreadPoolExecutor.java:1149)
	at java.util.concurrent.ThreadPoolExecutor$Worker.run(ThreadPoolExecutor.java:624)
	at org.apache.tomcat.util.threads.TaskThread$WrappingRunnable.run(TaskThread.java:61)
	at java.lang.Thread.run(Thread.java:750)
{
                    "app": "Crmeb",
                    "timestamp":"2022-09-10 17:02:01.598",
                    "level": "ERROR",
                    "thread": "http-nio-8080-exec-27",
                    "class": "o.a.c.c.C.[.[.[/].[dispatcherServlet]",
                    "message": "Servlet.service() for servlet [dispatcherServlet] in context with path [] threw exception" }
                    
org.springframework.security.web.firewall.RequestRejectedException: The request was rejected because the URL contained a potentially malicious String "//"
	at org.springframework.security.web.firewall.StrictHttpFirewall.rejectedBlacklistedUrls(StrictHttpFirewall.java:369)
	at org.springframework.security.web.firewall.StrictHttpFirewall.getFirewalledRequest(StrictHttpFirewall.java:336)
	at org.springframework.security.web.FilterChainProxy.doFilterInternal(FilterChainProxy.java:194)
	at org.springframework.security.web.FilterChainProxy.doFilter(FilterChainProxy.java:178)
	at org.springframework.web.filter.DelegatingFilterProxy.invokeDelegate(DelegatingFilterProxy.java:358)
	at org.springframework.web.filter.DelegatingFilterProxy.doFilter(DelegatingFilterProxy.java:271)
	at org.apache.catalina.core.ApplicationFilterChain.internalDoFilter(ApplicationFilterChain.java:193)
	at org.apache.catalina.core.ApplicationFilterChain.doFilter(ApplicationFilterChain.java:166)
	at org.springframework.web.filter.RequestContextFilter.doFilterInternal(RequestContextFilter.java:100)
	at org.springframework.web.filter.OncePerRequestFilter.doFilter(OncePerRequestFilter.java:119)
	at org.apache.catalina.core.ApplicationFilterChain.internalDoFilter(ApplicationFilterChain.java:193)
	at org.apache.catalina.core.ApplicationFilterChain.doFilter(ApplicationFilterChain.java:166)
	at org.springframework.web.filter.FormContentFilter.doFilterInternal(FormContentFilter.java:93)
	at org.springframework.web.filter.OncePerRequestFilter.doFilter(OncePerRequestFilter.java:119)
	at org.apache.catalina.core.ApplicationFilterChain.internalDoFilter(ApplicationFilterChain.java:193)
	at org.apache.catalina.core.ApplicationFilterChain.doFilter(ApplicationFilterChain.java:166)
	at org.springframework.boot.actuate.metrics.web.servlet.WebMvcMetricsFilter.doFilterInternal(WebMvcMetricsFilter.java:109)
	at org.springframework.web.filter.OncePerRequestFilter.doFilter(OncePerRequestFilter.java:119)
	at org.apache.catalina.core.ApplicationFilterChain.internalDoFilter(ApplicationFilterChain.java:193)
	at org.apache.catalina.core.ApplicationFilterChain.doFilter(ApplicationFilterChain.java:166)
	at org.springframework.web.filter.CharacterEncodingFilter.doFilterInternal(CharacterEncodingFilter.java:201)
	at org.springframework.web.filter.OncePerRequestFilter.doFilter(OncePerRequestFilter.java:119)
	at org.apache.catalina.core.ApplicationFilterChain.internalDoFilter(ApplicationFilterChain.java:193)
	at org.apache.catalina.core.ApplicationFilterChain.doFilter(ApplicationFilterChain.java:166)
	at org.apache.catalina.core.StandardWrapperValve.invoke(StandardWrapperValve.java:202)
	at org.apache.catalina.core.StandardContextValve.invoke(StandardContextValve.java:96)
	at org.apache.catalina.authenticator.AuthenticatorBase.invoke(AuthenticatorBase.java:541)
	at org.apache.catalina.core.StandardHostValve.invoke(StandardHostValve.java:139)
	at org.apache.catalina.valves.ErrorReportValve.invoke(ErrorReportValve.java:92)
	at org.apache.catalina.core.StandardEngineValve.invoke(StandardEngineValve.java:74)
	at org.apache.catalina.connector.CoyoteAdapter.service(CoyoteAdapter.java:343)
	at org.apache.coyote.http11.Http11Processor.service(Http11Processor.java:373)
	at org.apache.coyote.AbstractProcessorLight.process(AbstractProcessorLight.java:65)
	at org.apache.coyote.AbstractProtocol$ConnectionHandler.process(AbstractProtocol.java:868)
	at org.apache.tomcat.util.net.NioEndpoint$SocketProcessor.doRun(NioEndpoint.java:1594)
	at org.apache.tomcat.util.net.SocketProcessorBase.run(SocketProcessorBase.java:49)
	at java.util.concurrent.ThreadPoolExecutor.runWorker(ThreadPoolExecutor.java:1149)
	at java.util.concurrent.ThreadPoolExecutor$Worker.run(ThreadPoolExecutor.java:624)
	at org.apache.tomcat.util.threads.TaskThread$WrappingRunnable.run(TaskThread.java:61)
	at java.lang.Thread.run(Thread.java:750)
{
                    "app": "Crmeb",
                    "timestamp":"2022-09-10 17:38:29.513",
                    "level": "ERROR",
                    "thread": "http-nio-8080-exec-21",
                    "class": "o.a.c.c.C.[.[.[/].[dispatcherServlet]",
                    "message": "Servlet.service() for servlet [dispatcherServlet] in context with path [] threw exception" }
                    
org.springframework.security.web.firewall.RequestRejectedException: The request was rejected because the URL contained a potentially malicious String "//"
	at org.springframework.security.web.firewall.StrictHttpFirewall.rejectedBlacklistedUrls(StrictHttpFirewall.java:369)
	at org.springframework.security.web.firewall.StrictHttpFirewall.getFirewalledRequest(StrictHttpFirewall.java:336)
	at org.springframework.security.web.FilterChainProxy.doFilterInternal(FilterChainProxy.java:194)
	at org.springframework.security.web.FilterChainProxy.doFilter(FilterChainProxy.java:178)
	at org.springframework.web.filter.DelegatingFilterProxy.invokeDelegate(DelegatingFilterProxy.java:358)
	at org.springframework.web.filter.DelegatingFilterProxy.doFilter(DelegatingFilterProxy.java:271)
	at org.apache.catalina.core.ApplicationFilterChain.internalDoFilter(ApplicationFilterChain.java:193)
	at org.apache.catalina.core.ApplicationFilterChain.doFilter(ApplicationFilterChain.java:166)
	at org.springframework.web.filter.RequestContextFilter.doFilterInternal(RequestContextFilter.java:100)
	at org.springframework.web.filter.OncePerRequestFilter.doFilter(OncePerRequestFilter.java:119)
	at org.apache.catalina.core.ApplicationFilterChain.internalDoFilter(ApplicationFilterChain.java:193)
	at org.apache.catalina.core.ApplicationFilterChain.doFilter(ApplicationFilterChain.java:166)
	at org.springframework.web.filter.FormContentFilter.doFilterInternal(FormContentFilter.java:93)
	at org.springframework.web.filter.OncePerRequestFilter.doFilter(OncePerRequestFilter.java:119)
	at org.apache.catalina.core.ApplicationFilterChain.internalDoFilter(ApplicationFilterChain.java:193)
	at org.apache.catalina.core.ApplicationFilterChain.doFilter(ApplicationFilterChain.java:166)
	at org.springframework.boot.actuate.metrics.web.servlet.WebMvcMetricsFilter.doFilterInternal(WebMvcMetricsFilter.java:109)
	at org.springframework.web.filter.OncePerRequestFilter.doFilter(OncePerRequestFilter.java:119)
	at org.apache.catalina.core.ApplicationFilterChain.internalDoFilter(ApplicationFilterChain.java:193)
	at org.apache.catalina.core.ApplicationFilterChain.doFilter(ApplicationFilterChain.java:166)
	at org.springframework.web.filter.CharacterEncodingFilter.doFilterInternal(CharacterEncodingFilter.java:201)
	at org.springframework.web.filter.OncePerRequestFilter.doFilter(OncePerRequestFilter.java:119)
	at org.apache.catalina.core.ApplicationFilterChain.internalDoFilter(ApplicationFilterChain.java:193)
	at org.apache.catalina.core.ApplicationFilterChain.doFilter(ApplicationFilterChain.java:166)
	at org.apache.catalina.core.StandardWrapperValve.invoke(StandardWrapperValve.java:202)
	at org.apache.catalina.core.StandardContextValve.invoke(StandardContextValve.java:96)
	at org.apache.catalina.authenticator.AuthenticatorBase.invoke(AuthenticatorBase.java:541)
	at org.apache.catalina.core.StandardHostValve.invoke(StandardHostValve.java:139)
	at org.apache.catalina.valves.ErrorReportValve.invoke(ErrorReportValve.java:92)
	at org.apache.catalina.core.StandardEngineValve.invoke(StandardEngineValve.java:74)
	at org.apache.catalina.connector.CoyoteAdapter.service(CoyoteAdapter.java:343)
	at org.apache.coyote.http11.Http11Processor.service(Http11Processor.java:373)
	at org.apache.coyote.AbstractProcessorLight.process(AbstractProcessorLight.java:65)
	at org.apache.coyote.AbstractProtocol$ConnectionHandler.process(AbstractProtocol.java:868)
	at org.apache.tomcat.util.net.NioEndpoint$SocketProcessor.doRun(NioEndpoint.java:1594)
	at org.apache.tomcat.util.net.SocketProcessorBase.run(SocketProcessorBase.java:49)
	at java.util.concurrent.ThreadPoolExecutor.runWorker(ThreadPoolExecutor.java:1149)
	at java.util.concurrent.ThreadPoolExecutor$Worker.run(ThreadPoolExecutor.java:624)
	at org.apache.tomcat.util.threads.TaskThread$WrappingRunnable.run(TaskThread.java:61)
	at java.lang.Thread.run(Thread.java:750)
{
                    "app": "Crmeb",
                    "timestamp":"2022-09-10 19:22:55.652",
                    "level": "ERROR",
                    "thread": "http-nio-8080-exec-1",
                    "class": "o.a.c.c.C.[.[.[/].[dispatcherServlet]",
                    "message": "Servlet.service() for servlet [dispatcherServlet] in context with path [] threw exception" }
                    
org.springframework.security.web.firewall.RequestRejectedException: The request was rejected because the URL contained a potentially malicious String "//"
	at org.springframework.security.web.firewall.StrictHttpFirewall.rejectedBlacklistedUrls(StrictHttpFirewall.java:369)
	at org.springframework.security.web.firewall.StrictHttpFirewall.getFirewalledRequest(StrictHttpFirewall.java:336)
	at org.springframework.security.web.FilterChainProxy.doFilterInternal(FilterChainProxy.java:194)
	at org.springframework.security.web.FilterChainProxy.doFilter(FilterChainProxy.java:178)
	at org.springframework.web.filter.DelegatingFilterProxy.invokeDelegate(DelegatingFilterProxy.java:358)
	at org.springframework.web.filter.DelegatingFilterProxy.doFilter(DelegatingFilterProxy.java:271)
	at org.apache.catalina.core.ApplicationFilterChain.internalDoFilter(ApplicationFilterChain.java:193)
	at org.apache.catalina.core.ApplicationFilterChain.doFilter(ApplicationFilterChain.java:166)
	at org.springframework.web.filter.RequestContextFilter.doFilterInternal(RequestContextFilter.java:100)
	at org.springframework.web.filter.OncePerRequestFilter.doFilter(OncePerRequestFilter.java:119)
	at org.apache.catalina.core.ApplicationFilterChain.internalDoFilter(ApplicationFilterChain.java:193)
	at org.apache.catalina.core.ApplicationFilterChain.doFilter(ApplicationFilterChain.java:166)
	at org.springframework.web.filter.FormContentFilter.doFilterInternal(FormContentFilter.java:93)
	at org.springframework.web.filter.OncePerRequestFilter.doFilter(OncePerRequestFilter.java:119)
	at org.apache.catalina.core.ApplicationFilterChain.internalDoFilter(ApplicationFilterChain.java:193)
	at org.apache.catalina.core.ApplicationFilterChain.doFilter(ApplicationFilterChain.java:166)
	at org.springframework.boot.actuate.metrics.web.servlet.WebMvcMetricsFilter.doFilterInternal(WebMvcMetricsFilter.java:109)
	at org.springframework.web.filter.OncePerRequestFilter.doFilter(OncePerRequestFilter.java:119)
	at org.apache.catalina.core.ApplicationFilterChain.internalDoFilter(ApplicationFilterChain.java:193)
	at org.apache.catalina.core.ApplicationFilterChain.doFilter(ApplicationFilterChain.java:166)
	at org.springframework.web.filter.CharacterEncodingFilter.doFilterInternal(CharacterEncodingFilter.java:201)
	at org.springframework.web.filter.OncePerRequestFilter.doFilter(OncePerRequestFilter.java:119)
	at org.apache.catalina.core.ApplicationFilterChain.internalDoFilter(ApplicationFilterChain.java:193)
	at org.apache.catalina.core.ApplicationFilterChain.doFilter(ApplicationFilterChain.java:166)
	at org.apache.catalina.core.StandardWrapperValve.invoke(StandardWrapperValve.java:202)
	at org.apache.catalina.core.StandardContextValve.invoke(StandardContextValve.java:96)
	at org.apache.catalina.authenticator.AuthenticatorBase.invoke(AuthenticatorBase.java:541)
	at org.apache.catalina.core.StandardHostValve.invoke(StandardHostValve.java:139)
	at org.apache.catalina.valves.ErrorReportValve.invoke(ErrorReportValve.java:92)
	at org.apache.catalina.core.StandardEngineValve.invoke(StandardEngineValve.java:74)
	at org.apache.catalina.connector.CoyoteAdapter.service(CoyoteAdapter.java:343)
	at org.apache.coyote.http11.Http11Processor.service(Http11Processor.java:373)
	at org.apache.coyote.AbstractProcessorLight.process(AbstractProcessorLight.java:65)
	at org.apache.coyote.AbstractProtocol$ConnectionHandler.process(AbstractProtocol.java:868)
	at org.apache.tomcat.util.net.NioEndpoint$SocketProcessor.doRun(NioEndpoint.java:1594)
	at org.apache.tomcat.util.net.SocketProcessorBase.run(SocketProcessorBase.java:49)
	at java.util.concurrent.ThreadPoolExecutor.runWorker(ThreadPoolExecutor.java:1149)
	at java.util.concurrent.ThreadPoolExecutor$Worker.run(ThreadPoolExecutor.java:624)
	at org.apache.tomcat.util.threads.TaskThread$WrappingRunnable.run(TaskThread.java:61)
	at java.lang.Thread.run(Thread.java:750)
{
                    "app": "Crmeb",
                    "timestamp":"2022-09-10 22:47:18.351",
                    "level": "ERROR",
                    "thread": "crmeb-scheduled-task-pool-4",
                    "class": "sdk.biz.err",
                    "message": "ErrorScene^_^40004^_^ACQ.TRADE_NOT_EXIST^_^null^_^Windows 11^_^2022-09-10 22:47:18^_^ProtocalMustParams:charset=UTF-8&method=alipay.trade.query&sign=S0YNjnPpl22HGv6ZBTD27evcBu4gc+/zr9Zye9PMCzeQZik+yWZ3CDDeIaDrqhBHp7isPWGkvRpPdih2/XNy9dMkuXUk9a+6cIVVqiKl36r3QBDTFEYgfWVSqEB7xtByOAH0iPPOnZCB8LxkBwkKTPTlLTtjMB4TVnH3o27JWVGX7kAzu7Tj0IHGC6zmJdR3QFRgzjM4fTg7xZrTz1Qbw/CQFeXFQPTLe41GIqkz42GgA+op7Sut1Sygpa+/uVfSYKp04iJ41M+quvJuB73eFQiMxqxx92um2Xmrl2/RvE9JVGiVHVMdvS4iBOukhcaF2FVL5fMfuBDYylq5WjPBcw==&version=1.0&app_id=2021000120607800&sign_type=RSA2&timestamp=2022-09-10 22:47:14^_^ProtocalOptParams:alipay_sdk=alipay-sdk-java-dynamicVersionNo&format=json^_^ApplicationParams:biz_content={"out_trade_no":"order49703166282120608342632"}^_^Body:{"alipay_trade_query_response":{"code":"40004","msg":"Business Failed","sub_code":"ACQ.TRADE_NOT_EXIST","sub_msg":"交易不存在","buyer_pay_amount":"0.00","invoice_amount":"0.00","out_trade_no":"order49703166282120608342632","point_amount":"0.00","receipt_amount":"0.00"},"sign":"JYCEAYQ0LwMxp7sQYYSJa0vww6COCmhsMNQpuR3vXwLZNoiAHvdfHlMp6IJ4sKz6vcDy2KK/caqlxAvc2rrAh+p7+jAsjcHEynA5yun9CjbLxXT8GGiJA+favmN/TLQ0Jydg/17je+AHDLI4K9BnAHiqXOsUzxowXdUBDnhX2u/VcfQsVVAaepgNrp6S0ONs087HewGeW8FtoqfZNEiIzr+d4+ga3/8V3CA51qomKB4kkSmDD20TajVx8qVOmhGxhMssWUg3GLYxbv8umYakMTyvmxTvRP57oCg5Lk8qMsDgofrUKMr2yiuLc+XaEGE0mAQsBDMujCXWVrtxk9lGvQ=="}^_^61ms,4091ms,43ms" }
                    
{
                    "app": "Crmeb",
                    "timestamp":"2022-09-10 22:48:20.342",
                    "level": "ERROR",
                    "thread": "crmeb-scheduled-task-pool-24",
                    "class": "sdk.biz.err",
                    "message": "ErrorScene^_^40004^_^ACQ.TRADE_NOT_EXIST^_^null^_^Windows 11^_^2022-09-10 22:48:20^_^ProtocalMustParams:charset=UTF-8&method=alipay.trade.query&sign=RsSVVL6R0oH/ljosPiDTi73hmjxcWqfaKbyWrXG9Ok6vC1MRMT0wOvtQZeDpjSfRNhuzP6ybcork3zKluNCHDTaeT4T8Dy2PXhoHPsj6g8jZrU0vIG19l/TrK/FmtswXWz4d1NHEzKs/SnRcIrt+U/QVs46HWp/jZrV6NIF9il0Q/8WW0jQY+9t2k/9eFffxuSCKG9huC4WRfX6RZa22fFDUpyb5QqIFsA4WCZfOrHntd0V2w/eiyJebW2WYludvpmtShcGqy22piV5lLLx7gRVFLBe4e+oIxdeL2ydmx0nPKcE+pjd63PqXtUUDfn4y2dOJkY9WLYlWqMQEao1BFA==&version=1.0&app_id=2021000120607800&sign_type=RSA2&timestamp=2022-09-10 22:48:18^_^ProtocalOptParams:alipay_sdk=alipay-sdk-java-dynamicVersionNo&format=json^_^ApplicationParams:biz_content={"out_trade_no":"order49703166282120608342632"}^_^Body:{"alipay_trade_query_response":{"code":"40004","msg":"Business Failed","sub_code":"ACQ.TRADE_NOT_EXIST","sub_msg":"交易不存在","buyer_pay_amount":"0.00","invoice_amount":"0.00","out_trade_no":"order49703166282120608342632","point_amount":"0.00","receipt_amount":"0.00"},"sign":"JYCEAYQ0LwMxp7sQYYSJa0vww6COCmhsMNQpuR3vXwLZNoiAHvdfHlMp6IJ4sKz6vcDy2KK/caqlxAvc2rrAh+p7+jAsjcHEynA5yun9CjbLxXT8GGiJA+favmN/TLQ0Jydg/17je+AHDLI4K9BnAHiqXOsUzxowXdUBDnhX2u/VcfQsVVAaepgNrp6S0ONs087HewGeW8FtoqfZNEiIzr+d4+ga3/8V3CA51qomKB4kkSmDD20TajVx8qVOmhGxhMssWUg3GLYxbv8umYakMTyvmxTvRP57oCg5Lk8qMsDgofrUKMr2yiuLc+XaEGE0mAQsBDMujCXWVrtxk9lGvQ=="}^_^89ms,1876ms,14ms" }
                    
{
                    "app": "Crmeb",
                    "timestamp":"2022-09-10 22:49:24.935",
                    "level": "ERROR",
                    "thread": "crmeb-scheduled-task-pool-20",
                    "class": "sdk.biz.err",
                    "message": "ErrorScene^_^40004^_^ACQ.TRADE_NOT_EXIST^_^null^_^Windows 11^_^2022-09-10 22:49:24^_^ProtocalMustParams:charset=UTF-8&method=alipay.trade.query&sign=I13zzUG8/LE+11atfB0Ygi1rigM/Bb+HsXxCpJk93xdhVIfeUJnBC46OFM3Me9JM4lFgFH9BIAYnowiPyxUFoOJ76Zm4JxXhzMngWETzBUdhbQgwxh/hYn7AieDLCA/aljggCI2KLI28pFtXqLgEu53yaCTpzo6x/qZ61Ag3uhTDv10RfU7nEzigi+nqpYib4RmYS02IvSqFpylxUutgEhjg9bIyGqwZ7itH+ff/dB6ZivpB5uV7pk2WyOHqX/S3ynfT0j5aeoK7scVicamKBfoaQ3vDa67HuaPkngVsfCuXpHteI5gAjJA64eqMUZY2xEOhqvh1yK6VD+KR1zZhTA==&version=1.0&app_id=2021000120607800&sign_type=RSA2&timestamp=2022-09-10 22:49:20^_^ProtocalOptParams:alipay_sdk=alipay-sdk-java-dynamicVersionNo&format=json^_^ApplicationParams:biz_content={"out_trade_no":"order49703166282120608342632"}^_^Body:{"alipay_trade_query_response":{"code":"40004","msg":"Business Failed","sub_code":"ACQ.TRADE_NOT_EXIST","sub_msg":"交易不存在","buyer_pay_amount":"0.00","invoice_amount":"0.00","out_trade_no":"order49703166282120608342632","point_amount":"0.00","receipt_amount":"0.00"},"sign":"JYCEAYQ0LwMxp7sQYYSJa0vww6COCmhsMNQpuR3vXwLZNoiAHvdfHlMp6IJ4sKz6vcDy2KK/caqlxAvc2rrAh+p7+jAsjcHEynA5yun9CjbLxXT8GGiJA+favmN/TLQ0Jydg/17je+AHDLI4K9BnAHiqXOsUzxowXdUBDnhX2u/VcfQsVVAaepgNrp6S0ONs087HewGeW8FtoqfZNEiIzr+d4+ga3/8V3CA51qomKB4kkSmDD20TajVx8qVOmhGxhMssWUg3GLYxbv8umYakMTyvmxTvRP57oCg5Lk8qMsDgofrUKMr2yiuLc+XaEGE0mAQsBDMujCXWVrtxk9lGvQ=="}^_^10ms,4549ms,16ms" }
                    
{
                    "app": "Crmeb",
                    "timestamp":"2022-09-10 22:50:27.194",
                    "level": "ERROR",
                    "thread": "crmeb-scheduled-task-pool-5",
                    "class": "sdk.biz.err",
                    "message": "ErrorScene^_^40004^_^ACQ.TRADE_NOT_EXIST^_^null^_^Windows 11^_^2022-09-10 22:50:27^_^ProtocalMustParams:charset=UTF-8&method=alipay.trade.query&sign=pG3MxJzUny1/W6L9jxCH4uoCl++vCKlqeb80UQWktk/+sqagVIT3sh5Bt1h2JnUBV2tnC7D+FMV4HH3oLRlUhAFtSmJvLRc6/HuLNFc4OD5r3UmTAXJ1MZVvLFaqyP6YiNZzrmj8cJP6dcmO9jGCnUzvFlv/AaVtxDpiiOnWqiqHa2o5SM9EHyFAcEG5jZcQtsFrchD2idc1JgMzz1Z4ka/oT+TVz3pDEAoK+ZkIue0u/cticNNQFIW4HzocpU6+OMWIvvxN/0Y/dmmhtcoQtFyyTnfkomMvoJZneKf0LKRvczCbwD+//iykn+A19wEmBno2b64HrJATQqmEd+fpSw==&version=1.0&app_id=2021000120607800&sign_type=RSA2&timestamp=2022-09-10 22:50:24^_^ProtocalOptParams:alipay_sdk=alipay-sdk-java-dynamicVersionNo&format=json^_^ApplicationParams:biz_content={"out_trade_no":"order49703166282120608342632"}^_^Body:{"alipay_trade_query_response":{"code":"40004","msg":"Business Failed","sub_code":"ACQ.TRADE_NOT_EXIST","sub_msg":"交易不存在","buyer_pay_amount":"0.00","invoice_amount":"0.00","out_trade_no":"order49703166282120608342632","point_amount":"0.00","receipt_amount":"0.00"},"sign":"JYCEAYQ0LwMxp7sQYYSJa0vww6COCmhsMNQpuR3vXwLZNoiAHvdfHlMp6IJ4sKz6vcDy2KK/caqlxAvc2rrAh+p7+jAsjcHEynA5yun9CjbLxXT8GGiJA+favmN/TLQ0Jydg/17je+AHDLI4K9BnAHiqXOsUzxowXdUBDnhX2u/VcfQsVVAaepgNrp6S0ONs087HewGeW8FtoqfZNEiIzr+d4+ga3/8V3CA51qomKB4kkSmDD20TajVx8qVOmhGxhMssWUg3GLYxbv8umYakMTyvmxTvRP57oCg5Lk8qMsDgofrUKMr2yiuLc+XaEGE0mAQsBDMujCXWVrtxk9lGvQ=="}^_^11ms,2223ms,15ms" }
                    
{
                    "app": "Crmeb",
                    "timestamp":"2022-09-10 22:51:29.774",
                    "level": "ERROR",
                    "thread": "crmeb-scheduled-task-pool-27",
                    "class": "sdk.biz.err",
                    "message": "ErrorScene^_^40004^_^ACQ.TRADE_NOT_EXIST^_^null^_^Windows 11^_^2022-09-10 22:51:29^_^ProtocalMustParams:charset=UTF-8&method=alipay.trade.query&sign=JKv2up8/mWDmXQK0/5HqTVSpgxXBmmJcSelbKeRj2yVqT1PBOrrSZpgp7PmlrZCHcu2wm+dEumJvQcoror9VaGz/me0Jx0O8+xLJuOX2j/ewqO85lbMU9ghSHnZmn6C9lNjGfugFdCnViS9ASiwjB5L0Py1/6PQ8rjDW7Tt2Km0nISds80N5yQIUqqEZhXa5iIpdjY804c+aoTLmNWOxvbE75FNpAcRHEuOWBNLbYlzCtigFGVqYegLaOXX/dsjmMBelsS7Aqz4bvIQPyPm6DFAB7HFCLQzbtEqcSWyUJOaZZkN4OR3LnGdo5B/xmY2SNoRDWQGwwyXTZzWmLEDrCw==&version=1.0&app_id=2021000120607800&sign_type=RSA2&timestamp=2022-09-10 22:51:27^_^ProtocalOptParams:alipay_sdk=alipay-sdk-java-dynamicVersionNo&format=json^_^ApplicationParams:biz_content={"out_trade_no":"order49703166282120608342632"}^_^Body:{"alipay_trade_query_response":{"code":"40004","msg":"Business Failed","sub_code":"ACQ.TRADE_NOT_EXIST","sub_msg":"交易不存在","buyer_pay_amount":"0.00","invoice_amount":"0.00","out_trade_no":"order49703166282120608342632","point_amount":"0.00","receipt_amount":"0.00"},"sign":"JYCEAYQ0LwMxp7sQYYSJa0vww6COCmhsMNQpuR3vXwLZNoiAHvdfHlMp6IJ4sKz6vcDy2KK/caqlxAvc2rrAh+p7+jAsjcHEynA5yun9CjbLxXT8GGiJA+favmN/TLQ0Jydg/17je+AHDLI4K9BnAHiqXOsUzxowXdUBDnhX2u/VcfQsVVAaepgNrp6S0ONs087HewGeW8FtoqfZNEiIzr+d4+ga3/8V3CA51qomKB4kkSmDD20TajVx8qVOmhGxhMssWUg3GLYxbv8umYakMTyvmxTvRP57oCg5Lk8qMsDgofrUKMr2yiuLc+XaEGE0mAQsBDMujCXWVrtxk9lGvQ=="}^_^10ms,2547ms,13ms" }
                    
{
                    "app": "Crmeb",
                    "timestamp":"2022-09-10 22:52:33.945",
                    "level": "ERROR",
                    "thread": "crmeb-scheduled-task-pool-5",
                    "class": "sdk.biz.err",
                    "message": "ErrorScene^_^40004^_^ACQ.TRADE_NOT_EXIST^_^null^_^Windows 11^_^2022-09-10 22:52:33^_^ProtocalMustParams:charset=UTF-8&method=alipay.trade.query&sign=n2biEpyd+64VHeyYxde1ylV8p8gKtMjepmlkmkg7P7AlcqjZh94J8q9jGYGjnj+NUlWz8bVAL9J4p0ZJ5QtzDipS+n3JLv1fZ9yohh2+sLCawv2Y+BhyslXgQ9vshmsYM8YcFiH7e1BXPLMjyjoDlOot0T4EsfxoQ+b3Up5wago85GFUJgv9jtOr7yv6tiNYvQL3kM6dyvJrTTtI9qHwQpf719sycs83yLkSlgMihUKlrdJLJjUMgOzwmsKMJM12cJ5J3ikTFfOPb79jZP9LJzYlJGizf0i/GRA1cgTDhZ2ZbaQTs6KoWFi9G4ZAzLWNrSoJxJ5BBejvEenR+DnJ3w==&version=1.0&app_id=2021000120607800&sign_type=RSA2&timestamp=2022-09-10 22:52:29^_^ProtocalOptParams:alipay_sdk=alipay-sdk-java-dynamicVersionNo&format=json^_^ApplicationParams:biz_content={"out_trade_no":"order49703166282120608342632"}^_^Body:{"alipay_trade_query_response":{"code":"40004","msg":"Business Failed","sub_code":"ACQ.TRADE_NOT_EXIST","sub_msg":"交易不存在","buyer_pay_amount":"0.00","invoice_amount":"0.00","out_trade_no":"order49703166282120608342632","point_amount":"0.00","receipt_amount":"0.00"},"sign":"JYCEAYQ0LwMxp7sQYYSJa0vww6COCmhsMNQpuR3vXwLZNoiAHvdfHlMp6IJ4sKz6vcDy2KK/caqlxAvc2rrAh+p7+jAsjcHEynA5yun9CjbLxXT8GGiJA+favmN/TLQ0Jydg/17je+AHDLI4K9BnAHiqXOsUzxowXdUBDnhX2u/VcfQsVVAaepgNrp6S0ONs087HewGeW8FtoqfZNEiIzr+d4+ga3/8V3CA51qomKB4kkSmDD20TajVx8qVOmhGxhMssWUg3GLYxbv8umYakMTyvmxTvRP57oCg5Lk8qMsDgofrUKMr2yiuLc+XaEGE0mAQsBDMujCXWVrtxk9lGvQ=="}^_^9ms,4138ms,12ms" }
                    
{
                    "app": "Crmeb",
                    "timestamp":"2022-09-10 22:53:38.974",
                    "level": "ERROR",
                    "thread": "crmeb-scheduled-task-pool-10",
                    "class": "sdk.biz.err",
                    "message": "ErrorScene^_^40004^_^ACQ.TRADE_NOT_EXIST^_^null^_^Windows 11^_^2022-09-10 22:53:38^_^ProtocalMustParams:charset=UTF-8&method=alipay.trade.query&sign=cH7g79aHRwLKjEpTHvFPY9r0qkaSbPPs0xOYBC3qcQqXQous1hEOfv79SIotrDBOsMvyrECmgEemv8GLJz+wmnEzLAEcePLs4pOXzxnJmI4g5WMgLBZNGAEeLwhoKW1XD8IympUDH9WFXbUR3aGivZdFbjIVNVWigDdF/TkMYHmwS9QdAsZ0WLwkL4CFSdBdMMrdy+fRCpx0ehO0RAVGOKmDRBfGKa1YMpJspqj1PfiUtzt6SpW9EGU2iSm1YqngYuUlGMtoJZHAASqxORYrUIG2wBUqSovJaahT0YPfRRzv5p+ZYafTIJi5+0Am/bFNbXUuiRNNr2dT0GHXdg58oA==&version=1.0&app_id=2021000120607800&sign_type=RSA2&timestamp=2022-09-10 22:53:33^_^ProtocalOptParams:alipay_sdk=alipay-sdk-java-dynamicVersionNo&format=json^_^ApplicationParams:biz_content={"out_trade_no":"order49703166282120608342632"}^_^Body:{"alipay_trade_query_response":{"code":"40004","msg":"Business Failed","sub_code":"ACQ.TRADE_NOT_EXIST","sub_msg":"交易不存在","buyer_pay_amount":"0.00","invoice_amount":"0.00","out_trade_no":"order49703166282120608342632","point_amount":"0.00","receipt_amount":"0.00"},"sign":"JYCEAYQ0LwMxp7sQYYSJa0vww6COCmhsMNQpuR3vXwLZNoiAHvdfHlMp6IJ4sKz6vcDy2KK/caqlxAvc2rrAh+p7+jAsjcHEynA5yun9CjbLxXT8GGiJA+favmN/TLQ0Jydg/17je+AHDLI4K9BnAHiqXOsUzxowXdUBDnhX2u/VcfQsVVAaepgNrp6S0ONs087HewGeW8FtoqfZNEiIzr+d4+ga3/8V3CA51qomKB4kkSmDD20TajVx8qVOmhGxhMssWUg3GLYxbv8umYakMTyvmxTvRP57oCg5Lk8qMsDgofrUKMr2yiuLc+XaEGE0mAQsBDMujCXWVrtxk9lGvQ=="}^_^9ms,4991ms,14ms" }
                    
{
                    "app": "Crmeb",
                    "timestamp":"2022-09-10 22:54:39.410",
                    "level": "ERROR",
                    "thread": "crmeb-scheduled-task-pool-9",
                    "class": "sdk.biz.err",
                    "message": "ErrorScene^_^40004^_^ACQ.TRADE_NOT_EXIST^_^null^_^Windows 11^_^2022-09-10 22:54:39^_^ProtocalMustParams:charset=UTF-8&method=alipay.trade.query&sign=LtiU82J/MSlkX2HHjGILvgwA+xaTqCkVQVCi2IfvHWG4HCmaVmDyUchxO2NvvzBJxa/KUJmTg9JSe7DEjdL0ReRKRawvxHeR4OmN9Wb9VSa3c1z+sEdDU7pYhvOwJDk3Hpu04ykMO4J4Xl5YhzWuwDEHc8J0GMywqb6ZXobsu3Nd1Kmp5yUkVLN+ks6hcB3NHMC1G/R0oT2uJiDH7sVKRHSZOJkLJ5lYBPkQOxjbjUj9CymPx6eMox4ECAx9F+WSmqatqpfD82WEOmdS3eKzaNvX8TJxZLCtMGLqjCoUThmmoVSjlc75OSanUkJ78zVFjlUW+DOrWdgafPC4ffhaag==&version=1.0&app_id=2021000120607800&sign_type=RSA2&timestamp=2022-09-10 22:54:38^_^ProtocalOptParams:alipay_sdk=alipay-sdk-java-dynamicVersionNo&format=json^_^ApplicationParams:biz_content={"out_trade_no":"order49703166282120608342632"}^_^Body:{"alipay_trade_query_response":{"code":"40004","msg":"Business Failed","sub_code":"ACQ.TRADE_NOT_EXIST","sub_msg":"交易不存在","buyer_pay_amount":"0.00","invoice_amount":"0.00","out_trade_no":"order49703166282120608342632","point_amount":"0.00","receipt_amount":"0.00"},"sign":"JYCEAYQ0LwMxp7sQYYSJa0vww6COCmhsMNQpuR3vXwLZNoiAHvdfHlMp6IJ4sKz6vcDy2KK/caqlxAvc2rrAh+p7+jAsjcHEynA5yun9CjbLxXT8GGiJA+favmN/TLQ0Jydg/17je+AHDLI4K9BnAHiqXOsUzxowXdUBDnhX2u/VcfQsVVAaepgNrp6S0ONs087HewGeW8FtoqfZNEiIzr+d4+ga3/8V3CA51qomKB4kkSmDD20TajVx8qVOmhGxhMssWUg3GLYxbv8umYakMTyvmxTvRP57oCg5Lk8qMsDgofrUKMr2yiuLc+XaEGE0mAQsBDMujCXWVrtxk9lGvQ=="}^_^11ms,399ms,15ms" }
                    
{
                    "app": "Crmeb",
                    "timestamp":"2022-09-10 22:55:40.720",
                    "level": "ERROR",
                    "thread": "crmeb-scheduled-task-pool-6",
                    "class": "sdk.biz.err",
                    "message": "ErrorScene^_^40004^_^ACQ.TRADE_NOT_EXIST^_^null^_^Windows 11^_^2022-09-10 22:55:40^_^ProtocalMustParams:charset=UTF-8&method=alipay.trade.query&sign=g4yweXt4SskwIb6NvUSuY5mxjIo7H9h/Gv3e2OoIfebbdfvoCXLjDwptXCbZBSgz0Kjm/U5FSGywKVA6zvdYfGOgeca4MSM8xQ950YDQ8pEVa/yXM/M0SZCdAyzOa29QK05NWrllCQQ2GPvtHFmdejOYtzi9M1dQTJMkVyqDu2KM9HA0mCvChfJvD7s8CbN1R5+UMmoa0Z/pKPHZowZQTzbYz/+KM1CiMV2xcEk5nguJCr6gv2dxxjsKPhYSFjZEwdxLwj670WJc8GylwXtiKHHxyqCTqI1lSFtMrwH983voHafQhGjb5A2RnuTuD8PmzUbEWa6MkKkBYbMY+7mWmQ==&version=1.0&app_id=2021000120607800&sign_type=RSA2&timestamp=2022-09-10 22:55:39^_^ProtocalOptParams:alipay_sdk=alipay-sdk-java-dynamicVersionNo&format=json^_^ApplicationParams:biz_content={"out_trade_no":"order49703166282120608342632"}^_^Body:{"alipay_trade_query_response":{"code":"40004","msg":"Business Failed","sub_code":"ACQ.TRADE_NOT_EXIST","sub_msg":"交易不存在","buyer_pay_amount":"0.00","invoice_amount":"0.00","out_trade_no":"order49703166282120608342632","point_amount":"0.00","receipt_amount":"0.00"},"sign":"JYCEAYQ0LwMxp7sQYYSJa0vww6COCmhsMNQpuR3vXwLZNoiAHvdfHlMp6IJ4sKz6vcDy2KK/caqlxAvc2rrAh+p7+jAsjcHEynA5yun9CjbLxXT8GGiJA+favmN/TLQ0Jydg/17je+AHDLI4K9BnAHiqXOsUzxowXdUBDnhX2u/VcfQsVVAaepgNrp6S0ONs087HewGeW8FtoqfZNEiIzr+d4+ga3/8V3CA51qomKB4kkSmDD20TajVx8qVOmhGxhMssWUg3GLYxbv8umYakMTyvmxTvRP57oCg5Lk8qMsDgofrUKMr2yiuLc+XaEGE0mAQsBDMujCXWVrtxk9lGvQ=="}^_^10ms,1281ms,10ms" }
                    
{
                    "app": "Crmeb",
                    "timestamp":"2022-09-10 22:56:42.464",
                    "level": "ERROR",
                    "thread": "crmeb-scheduled-task-pool-13",
                    "class": "sdk.biz.err",
                    "message": "ErrorScene^_^40004^_^ACQ.TRADE_NOT_EXIST^_^null^_^Windows 11^_^2022-09-10 22:56:42^_^ProtocalMustParams:charset=UTF-8&method=alipay.trade.query&sign=k0z2hxyG1BQKneDhsREoWy60DpkLswPb4KbJko1BVBfD1FFiCovsg29fb2364nk+8d4qC21+Bb/ZrbWM/RvHdlx5zTLCfkxKrgcs1zZaprdTq8ThiJniN3QefoEwk1b6hKAvH59wnbX3V0uAxeGbfrzgvGg181V2VLS/0ZTv/UqCrYDkfCLbLj7HkLcSH4VFW5Q+ucMusPbOISfcLLuQuJWXNF7yFpiAPql164W1W1yFK7k9Rk9I3owKhNdjiXFzefVaEi+2dAP/0c8AuFuNokN3tBNZanor9hbvFBJqJkjn4jZWgNFnsnu+sF9wEh5sqV888kl9pafL8Py78Nl84Q==&version=1.0&app_id=2021000120607800&sign_type=RSA2&timestamp=2022-09-10 22:56:40^_^ProtocalOptParams:alipay_sdk=alipay-sdk-java-dynamicVersionNo&format=json^_^ApplicationParams:biz_content={"out_trade_no":"order49703166282120608342632"}^_^Body:{"alipay_trade_query_response":{"code":"40004","msg":"Business Failed","sub_code":"ACQ.TRADE_NOT_EXIST","sub_msg":"交易不存在","buyer_pay_amount":"0.00","invoice_amount":"0.00","out_trade_no":"order49703166282120608342632","point_amount":"0.00","receipt_amount":"0.00"},"sign":"JYCEAYQ0LwMxp7sQYYSJa0vww6COCmhsMNQpuR3vXwLZNoiAHvdfHlMp6IJ4sKz6vcDy2KK/caqlxAvc2rrAh+p7+jAsjcHEynA5yun9CjbLxXT8GGiJA+favmN/TLQ0Jydg/17je+AHDLI4K9BnAHiqXOsUzxowXdUBDnhX2u/VcfQsVVAaepgNrp6S0ONs087HewGeW8FtoqfZNEiIzr+d4+ga3/8V3CA51qomKB4kkSmDD20TajVx8qVOmhGxhMssWUg3GLYxbv8umYakMTyvmxTvRP57oCg5Lk8qMsDgofrUKMr2yiuLc+XaEGE0mAQsBDMujCXWVrtxk9lGvQ=="}^_^10ms,1710ms,11ms" }
                    
{
                    "app": "Crmeb",
                    "timestamp":"2022-09-10 22:57:43.336",
                    "level": "ERROR",
                    "thread": "crmeb-scheduled-task-pool-16",
                    "class": "sdk.biz.err",
                    "message": "ErrorScene^_^40004^_^ACQ.TRADE_NOT_EXIST^_^null^_^Windows 11^_^2022-09-10 22:57:43^_^ProtocalMustParams:charset=UTF-8&method=alipay.trade.query&sign=iBX8yZ1PoUdyVS9Ku/zYIJv9zDenzFSwFQpVcAzSdrCO5LeXtDa2sgoeP8a/S3HQWbXfCGVcHelKm1A+ZXvMwmmTlUcAeAu+ia9PGZoKYyVCQWY4GV4OsvZtY4pguRBLPvJqpAOe7Y5TzepRdJBJ/IJXOX2z2xUcp94L4IHDwXg8zpBMi2idCDO1HlZp4NoI/BDhr8Ft58GG+Edz9Js75KyBHec/HCD2myIuv6gkIaIHVMaYs0pokIG19HYvUahHu9k5ICKoMuh0QnPC8uMUZIaU4QX5FjBdlZYhjGyv2UDX5QIepK4eyz6YYTrUiPHKx43oidzW+aefME4vG6p6CA==&version=1.0&app_id=2021000120607800&sign_type=RSA2&timestamp=2022-09-10 22:57:42^_^ProtocalOptParams:alipay_sdk=alipay-sdk-java-dynamicVersionNo&format=json^_^ApplicationParams:biz_content={"out_trade_no":"order49703166282120608342632"}^_^Body:{"alipay_trade_query_response":{"code":"40004","msg":"Business Failed","sub_code":"ACQ.TRADE_NOT_EXIST","sub_msg":"交易不存在","buyer_pay_amount":"0.00","invoice_amount":"0.00","out_trade_no":"order49703166282120608342632","point_amount":"0.00","receipt_amount":"0.00"},"sign":"JYCEAYQ0LwMxp7sQYYSJa0vww6COCmhsMNQpuR3vXwLZNoiAHvdfHlMp6IJ4sKz6vcDy2KK/caqlxAvc2rrAh+p7+jAsjcHEynA5yun9CjbLxXT8GGiJA+favmN/TLQ0Jydg/17je+AHDLI4K9BnAHiqXOsUzxowXdUBDnhX2u/VcfQsVVAaepgNrp6S0ONs087HewGeW8FtoqfZNEiIzr+d4+ga3/8V3CA51qomKB4kkSmDD20TajVx8qVOmhGxhMssWUg3GLYxbv8umYakMTyvmxTvRP57oCg5Lk8qMsDgofrUKMr2yiuLc+XaEGE0mAQsBDMujCXWVrtxk9lGvQ=="}^_^10ms,832ms,10ms" }
                    
{
                    "app": "Crmeb",
                    "timestamp":"2022-09-10 22:58:48.561",
                    "level": "ERROR",
                    "thread": "crmeb-scheduled-task-pool-11",
                    "class": "sdk.biz.err",
                    "message": "ErrorScene^_^40004^_^ACQ.TRADE_NOT_EXIST^_^null^_^Windows 11^_^2022-09-10 22:58:48^_^ProtocalMustParams:charset=UTF-8&method=alipay.trade.query&sign=oU5M1diipy2Qasj/k8YoJZ2lE2W8Bvu2xtw6C4LDhzmicbfiIZNgKdaH8Sqsj7tGIgI8yETWYAvD043DShoEzioJEqFsqfxqtKCXHVeNJOjQf2w8V078LigTHP0CoS+lLOz7fRvR4ki/XXQWlRyNg0kMndRKLQ09lqAlZgfLgq+ulRq5uVs1mLLBExPcnaw+UoU2bMf6Ts9fyHhg+3N7qA/kdcE2O9m5NNS/UsNAYiZd9EW718O3Kd6KtDdtH/KN3ZQzmkPV+GOrg+TAiPepXUSsTRys4+2Rr+U9wdylzpJFi2ufBrRNLkjgWSU6fzxRT6QJdseDaKr4xcvoNWRNIw==&version=1.0&app_id=2021000120607800&sign_type=RSA2&timestamp=2022-09-10 22:58:43^_^ProtocalOptParams:alipay_sdk=alipay-sdk-java-dynamicVersionNo&format=json^_^ApplicationParams:biz_content={"out_trade_no":"order49703166282120608342632"}^_^Body:{"alipay_trade_query_response":{"code":"40004","msg":"Business Failed","sub_code":"ACQ.TRADE_NOT_EXIST","sub_msg":"交易不存在","buyer_pay_amount":"0.00","invoice_amount":"0.00","out_trade_no":"order49703166282120608342632","point_amount":"0.00","receipt_amount":"0.00"},"sign":"JYCEAYQ0LwMxp7sQYYSJa0vww6COCmhsMNQpuR3vXwLZNoiAHvdfHlMp6IJ4sKz6vcDy2KK/caqlxAvc2rrAh+p7+jAsjcHEynA5yun9CjbLxXT8GGiJA+favmN/TLQ0Jydg/17je+AHDLI4K9BnAHiqXOsUzxowXdUBDnhX2u/VcfQsVVAaepgNrp6S0ONs087HewGeW8FtoqfZNEiIzr+d4+ga3/8V3CA51qomKB4kkSmDD20TajVx8qVOmhGxhMssWUg3GLYxbv8umYakMTyvmxTvRP57oCg5Lk8qMsDgofrUKMr2yiuLc+XaEGE0mAQsBDMujCXWVrtxk9lGvQ=="}^_^9ms,5181ms,11ms" }
                    
